mode: set
github.com/LerianStudio/lib-commons/commons/health/service.go:69.78,78.2 1 0
github.com/LerianStudio/lib-commons/commons/health/service.go:81.65,85.2 3 0
github.com/LerianStudio/lib-commons/commons/health/service.go:88.43,89.34 1 0
github.com/LerianStudio/lib-commons/commons/health/service.go:89.34,94.36 4 0
github.com/LerianStudio/lib-commons/commons/health/service.go:94.36,96.4 1 0
github.com/LerianStudio/lib-commons/commons/health/service.go:98.3,98.45 1 0
github.com/LerianStudio/lib-commons/commons/health/service.go:102.69,117.40 4 0
github.com/LerianStudio/lib-commons/commons/health/service.go:117.40,123.44 2 0
github.com/LerianStudio/lib-commons/commons/health/service.go:123.44,127.4 3 0
github.com/LerianStudio/lib-commons/commons/health/service.go:129.3,129.32 1 0
github.com/LerianStudio/lib-commons/commons/health/service.go:132.2,132.17 1 0
github.com/LerianStudio/lib-commons/commons/health/service.go:135.47,145.2 3 0
github.com/LerianStudio/lib-commons/commons/health/service.go:153.54,155.2 1 0
github.com/LerianStudio/lib-commons/commons/health/service.go:158.60,159.17 1 0
github.com/LerianStudio/lib-commons/commons/health/service.go:159.17,161.3 1 0
github.com/LerianStudio/lib-commons/commons/health/service.go:163.2,166.46 3 0
github.com/LerianStudio/lib-commons/commons/health/service.go:166.46,168.3 1 0
github.com/LerianStudio/lib-commons/commons/health/service.go:170.2,170.12 1 0
github.com/LerianStudio/lib-commons/commons/health/service.go:179.58,181.2 1 0
github.com/LerianStudio/lib-commons/commons/health/service.go:184.57,185.21 1 0
github.com/LerianStudio/lib-commons/commons/health/service.go:185.21,187.3 1 0
github.com/LerianStudio/lib-commons/commons/health/service.go:189.2,192.63 3 0
github.com/LerianStudio/lib-commons/commons/health/service.go:192.63,194.3 1 0
github.com/LerianStudio/lib-commons/commons/health/service.go:196.2,196.12 1 0
github.com/LerianStudio/lib-commons/commons/health/service.go:205.58,207.2 1 0
github.com/LerianStudio/lib-commons/commons/health/service.go:210.57,211.21 1 0
github.com/LerianStudio/lib-commons/commons/health/service.go:211.21,213.3 1 0
github.com/LerianStudio/lib-commons/commons/health/service.go:215.2,218.49 3 0
github.com/LerianStudio/lib-commons/commons/health/service.go:218.49,220.3 1 0
github.com/LerianStudio/lib-commons/commons/health/service.go:222.2,222.12 1 0
github.com/LerianStudio/lib-commons/commons/health/service.go:231.65,233.2 1 0
github.com/LerianStudio/lib-commons/commons/health/service.go:236.60,237.19 1 0
github.com/LerianStudio/lib-commons/commons/health/service.go:237.19,239.3 1 0
github.com/LerianStudio/lib-commons/commons/health/service.go:241.2,241.23 1 0
github.com/LerianStudio/lib-commons/commons/health/service.go:241.23,243.3 1 0
github.com/LerianStudio/lib-commons/commons/health/service.go:245.2,245.12 1 0
github.com/LerianStudio/lib-commons/commons/health/service.go:255.87,260.2 1 0
github.com/LerianStudio/lib-commons/commons/health/service.go:263.58,264.17 1 0
github.com/LerianStudio/lib-commons/commons/health/service.go:264.17,266.3 1 0
github.com/LerianStudio/lib-commons/commons/health/service.go:267.2,267.18 1 0
github.com/LerianStudio/lib-commons/commons/health/service.go:278.79,284.2 1 0
github.com/LerianStudio/lib-commons/commons/health/service.go:287.56,291.2 1 0
github.com/LerianStudio/lib-commons/commons/health/service.go:294.50,303.2 2 0
github.com/LerianStudio/lib-commons/commons/log/log.go:64.47,65.30 1 0
github.com/LerianStudio/lib-commons/commons/log/log.go:66.15,67.25 1 0
github.com/LerianStudio/lib-commons/commons/log/log.go:68.15,69.25 1 0
github.com/LerianStudio/lib-commons/commons/log/log.go:70.25,71.24 1 0
github.com/LerianStudio/lib-commons/commons/log/log.go:72.14,73.24 1 0
github.com/LerianStudio/lib-commons/commons/log/log.go:74.15,75.25 1 0
github.com/LerianStudio/lib-commons/commons/log/log.go:78.2,80.55 2 0
github.com/LerianStudio/lib-commons/commons/log/log.go:91.56,93.2 1 0
github.com/LerianStudio/lib-commons/commons/log/log.go:96.38,97.33 1 0
github.com/LerianStudio/lib-commons/commons/log/log.go:97.33,99.3 1 0
github.com/LerianStudio/lib-commons/commons/log/log.go:103.54,104.33 1 0
github.com/LerianStudio/lib-commons/commons/log/log.go:104.33,106.3 1 0
github.com/LerianStudio/lib-commons/commons/log/log.go:110.40,111.33 1 0
github.com/LerianStudio/lib-commons/commons/log/log.go:111.33,113.3 1 0
github.com/LerianStudio/lib-commons/commons/log/log.go:117.39,118.34 1 0
github.com/LerianStudio/lib-commons/commons/log/log.go:118.34,120.3 1 0
github.com/LerianStudio/lib-commons/commons/log/log.go:124.55,125.34 1 0
github.com/LerianStudio/lib-commons/commons/log/log.go:125.34,127.3 1 0
github.com/LerianStudio/lib-commons/commons/log/log.go:131.41,132.34 1 0
github.com/LerianStudio/lib-commons/commons/log/log.go:132.34,134.3 1 0
github.com/LerianStudio/lib-commons/commons/log/log.go:138.38,139.33 1 0
github.com/LerianStudio/lib-commons/commons/log/log.go:139.33,141.3 1 0
github.com/LerianStudio/lib-commons/commons/log/log.go:145.54,146.33 1 0
github.com/LerianStudio/lib-commons/commons/log/log.go:146.33,148.3 1 0
github.com/LerianStudio/lib-commons/commons/log/log.go:152.40,153.33 1 0
github.com/LerianStudio/lib-commons/commons/log/log.go:153.33,155.3 1 0
github.com/LerianStudio/lib-commons/commons/log/log.go:159.39,160.34 1 0
github.com/LerianStudio/lib-commons/commons/log/log.go:160.34,162.3 1 0
github.com/LerianStudio/lib-commons/commons/log/log.go:166.55,167.34 1 0
github.com/LerianStudio/lib-commons/commons/log/log.go:167.34,169.3 1 0
github.com/LerianStudio/lib-commons/commons/log/log.go:173.41,174.34 1 0
github.com/LerianStudio/lib-commons/commons/log/log.go:174.34,176.3 1 0
github.com/LerianStudio/lib-commons/commons/log/log.go:180.39,181.34 1 0
github.com/LerianStudio/lib-commons/commons/log/log.go:181.34,183.3 1 0
github.com/LerianStudio/lib-commons/commons/log/log.go:187.55,188.34 1 0
github.com/LerianStudio/lib-commons/commons/log/log.go:188.34,190.3 1 0
github.com/LerianStudio/lib-commons/commons/log/log.go:194.41,195.34 1 0
github.com/LerianStudio/lib-commons/commons/log/log.go:195.34,197.3 1 0
github.com/LerianStudio/lib-commons/commons/log/log.go:203.53,208.2 1 0
github.com/LerianStudio/lib-commons/commons/log/log.go:210.70,216.2 2 0
github.com/LerianStudio/lib-commons/commons/log/log.go:221.33,221.47 1 0
github.com/LerianStudio/lib-commons/commons/log/log_mock.go:31.57,35.2 3 0
github.com/LerianStudio/lib-commons/commons/log/log_mock.go:38.55,40.2 1 0
github.com/LerianStudio/lib-commons/commons/log/log_mock.go:43.41,46.25 3 0
github.com/LerianStudio/lib-commons/commons/log/log_mock.go:46.25,48.3 1 0
github.com/LerianStudio/lib-commons/commons/log/log_mock.go:49.2,49.37 1 0
github.com/LerianStudio/lib-commons/commons/log/log_mock.go:53.67,56.2 2 0
github.com/LerianStudio/lib-commons/commons/log/log_mock.go:59.57,62.25 3 0
github.com/LerianStudio/lib-commons/commons/log/log_mock.go:62.25,64.3 1 0
github.com/LerianStudio/lib-commons/commons/log/log_mock.go:65.2,65.38 1 0
github.com/LerianStudio/lib-commons/commons/log/log_mock.go:69.80,73.2 3 0
github.com/LerianStudio/lib-commons/commons/log/log_mock.go:76.43,79.25 3 0
github.com/LerianStudio/lib-commons/commons/log/log_mock.go:79.25,81.3 1 0
github.com/LerianStudio/lib-commons/commons/log/log_mock.go:82.2,82.39 1 0
github.com/LerianStudio/lib-commons/commons/log/log_mock.go:86.69,89.2 2 0
github.com/LerianStudio/lib-commons/commons/log/log_mock.go:92.41,95.25 3 0
github.com/LerianStudio/lib-commons/commons/log/log_mock.go:95.25,97.3 1 0
github.com/LerianStudio/lib-commons/commons/log/log_mock.go:98.2,98.37 1 0
github.com/LerianStudio/lib-commons/commons/log/log_mock.go:102.67,105.2 2 0
github.com/LerianStudio/lib-commons/commons/log/log_mock.go:108.57,111.25 3 0
github.com/LerianStudio/lib-commons/commons/log/log_mock.go:111.25,113.3 1 0
github.com/LerianStudio/lib-commons/commons/log/log_mock.go:114.2,114.38 1 0
github.com/LerianStudio/lib-commons/commons/log/log_mock.go:118.80,122.2 3 0
github.com/LerianStudio/lib-commons/commons/log/log_mock.go:125.43,128.25 3 0
github.com/LerianStudio/lib-commons/commons/log/log_mock.go:128.25,130.3 1 0
github.com/LerianStudio/lib-commons/commons/log/log_mock.go:131.2,131.39 1 0
github.com/LerianStudio/lib-commons/commons/log/log_mock.go:135.69,138.2 2 0
github.com/LerianStudio/lib-commons/commons/log/log_mock.go:141.41,144.25 3 0
github.com/LerianStudio/lib-commons/commons/log/log_mock.go:144.25,146.3 1 0
github.com/LerianStudio/lib-commons/commons/log/log_mock.go:147.2,147.37 1 0
github.com/LerianStudio/lib-commons/commons/log/log_mock.go:151.67,154.2 2 0
github.com/LerianStudio/lib-commons/commons/log/log_mock.go:157.57,160.25 3 0
github.com/LerianStudio/lib-commons/commons/log/log_mock.go:160.25,162.3 1 0
github.com/LerianStudio/lib-commons/commons/log/log_mock.go:163.2,163.38 1 0
github.com/LerianStudio/lib-commons/commons/log/log_mock.go:167.80,171.2 3 0
github.com/LerianStudio/lib-commons/commons/log/log_mock.go:174.43,177.25 3 0
github.com/LerianStudio/lib-commons/commons/log/log_mock.go:177.25,179.3 1 0
github.com/LerianStudio/lib-commons/commons/log/log_mock.go:180.2,180.39 1 0
github.com/LerianStudio/lib-commons/commons/log/log_mock.go:184.69,187.2 2 0
github.com/LerianStudio/lib-commons/commons/log/log_mock.go:190.40,193.25 3 0
github.com/LerianStudio/lib-commons/commons/log/log_mock.go:193.25,195.3 1 0
github.com/LerianStudio/lib-commons/commons/log/log_mock.go:196.2,196.36 1 0
github.com/LerianStudio/lib-commons/commons/log/log_mock.go:200.66,203.2 2 0
github.com/LerianStudio/lib-commons/commons/log/log_mock.go:206.56,209.25 3 0
github.com/LerianStudio/lib-commons/commons/log/log_mock.go:209.25,211.3 1 0
github.com/LerianStudio/lib-commons/commons/log/log_mock.go:212.2,212.37 1 0
github.com/LerianStudio/lib-commons/commons/log/log_mock.go:216.79,220.2 3 0
github.com/LerianStudio/lib-commons/commons/log/log_mock.go:223.42,226.25 3 0
github.com/LerianStudio/lib-commons/commons/log/log_mock.go:226.25,228.3 1 0
github.com/LerianStudio/lib-commons/commons/log/log_mock.go:229.2,229.38 1 0
github.com/LerianStudio/lib-commons/commons/log/log_mock.go:233.68,236.2 2 0
github.com/LerianStudio/lib-commons/commons/log/log_mock.go:239.35,244.2 4 0
github.com/LerianStudio/lib-commons/commons/log/log_mock.go:247.55,250.2 2 0
github.com/LerianStudio/lib-commons/commons/log/log_mock.go:253.40,256.25 3 0
github.com/LerianStudio/lib-commons/commons/log/log_mock.go:256.25,258.3 1 0
github.com/LerianStudio/lib-commons/commons/log/log_mock.go:259.2,259.36 1 0
github.com/LerianStudio/lib-commons/commons/log/log_mock.go:263.66,266.2 2 0
github.com/LerianStudio/lib-commons/commons/log/log_mock.go:269.56,272.25 3 0
github.com/LerianStudio/lib-commons/commons/log/log_mock.go:272.25,274.3 1 0
github.com/LerianStudio/lib-commons/commons/log/log_mock.go:275.2,275.37 1 0
github.com/LerianStudio/lib-commons/commons/log/log_mock.go:279.79,283.2 3 0
github.com/LerianStudio/lib-commons/commons/log/log_mock.go:286.42,289.25 3 0
github.com/LerianStudio/lib-commons/commons/log/log_mock.go:289.25,291.3 1 0
github.com/LerianStudio/lib-commons/commons/log/log_mock.go:292.2,292.38 1 0
github.com/LerianStudio/lib-commons/commons/log/log_mock.go:296.68,299.2 2 0
github.com/LerianStudio/lib-commons/commons/log/log_mock.go:302.72,307.2 4 0
github.com/LerianStudio/lib-commons/commons/log/log_mock.go:310.88,313.2 2 0
github.com/LerianStudio/lib-commons/commons/log/log_mock.go:316.55,319.27 3 0
github.com/LerianStudio/lib-commons/commons/log/log_mock.go:319.27,321.3 1 0
github.com/LerianStudio/lib-commons/commons/log/log_mock.go:322.2,324.13 3 0
github.com/LerianStudio/lib-commons/commons/log/log_mock.go:328.74,331.2 2 0
github.com/LerianStudio/lib-commons/commons/log/nil.go:7.41,7.42 0 0
github.com/LerianStudio/lib-commons/commons/log/nil.go:10.57,10.58 0 0
github.com/LerianStudio/lib-commons/commons/log/nil.go:13.43,13.44 0 0
github.com/LerianStudio/lib-commons/commons/log/nil.go:16.42,16.43 0 0
github.com/LerianStudio/lib-commons/commons/log/nil.go:19.58,19.59 0 0
github.com/LerianStudio/lib-commons/commons/log/nil.go:22.44,22.45 0 0
github.com/LerianStudio/lib-commons/commons/log/nil.go:25.41,25.42 0 0
github.com/LerianStudio/lib-commons/commons/log/nil.go:28.57,28.58 0 0
github.com/LerianStudio/lib-commons/commons/log/nil.go:31.43,31.44 0 0
github.com/LerianStudio/lib-commons/commons/log/nil.go:34.42,34.43 0 0
github.com/LerianStudio/lib-commons/commons/log/nil.go:37.58,37.59 0 0
github.com/LerianStudio/lib-commons/commons/log/nil.go:40.44,40.45 0 0
github.com/LerianStudio/lib-commons/commons/log/nil.go:43.42,43.43 0 0
github.com/LerianStudio/lib-commons/commons/log/nil.go:46.58,46.59 0 0
github.com/LerianStudio/lib-commons/commons/log/nil.go:49.44,49.45 0 0
github.com/LerianStudio/lib-commons/commons/log/nil.go:54.55,56.2 1 0
github.com/LerianStudio/lib-commons/commons/log/nil.go:61.72,63.2 1 0
github.com/LerianStudio/lib-commons/commons/log/nil.go:68.35,68.49 1 0
github.com/LerianStudio/lib-commons/commons/log/structured.go:14.59,19.2 1 0
github.com/LerianStudio/lib-commons/commons/log/structured.go:22.89,29.30 2 0
github.com/LerianStudio/lib-commons/commons/log/structured.go:29.30,31.3 1 0
github.com/LerianStudio/lib-commons/commons/log/structured.go:34.2,34.27 1 0
github.com/LerianStudio/lib-commons/commons/log/structured.go:34.27,36.3 1 0
github.com/LerianStudio/lib-commons/commons/log/structured.go:38.2,38.18 1 0
github.com/LerianStudio/lib-commons/commons/log/structured.go:42.88,44.2 1 0
github.com/LerianStudio/lib-commons/commons/log/structured.go:47.79,49.2 1 0
github.com/LerianStudio/lib-commons/commons/log/structured.go:52.83,54.2 1 0
github.com/LerianStudio/lib-commons/commons/log/structured.go:57.100,59.26 2 0
github.com/LerianStudio/lib-commons/commons/log/structured.go:59.26,61.3 1 0
github.com/LerianStudio/lib-commons/commons/log/structured.go:62.2,62.20 1 0
github.com/LerianStudio/lib-commons/commons/log/structured.go:62.20,64.3 1 0
github.com/LerianStudio/lib-commons/commons/log/structured.go:65.2,65.30 1 0
github.com/LerianStudio/lib-commons/commons/log/structured.go:69.68,70.16 1 0
github.com/LerianStudio/lib-commons/commons/log/structured.go:70.16,72.3 1 0
github.com/LerianStudio/lib-commons/commons/log/structured.go:73.2,73.11 1 0
github.com/LerianStudio/lib-commons/commons/log/structured.go:77.62,78.25 1 0
github.com/LerianStudio/lib-commons/commons/log/structured.go:78.25,80.3 1 0
github.com/LerianStudio/lib-commons/commons/log/structured.go:82.2,83.30 2 0
github.com/LerianStudio/lib-commons/commons/log/structured.go:83.30,84.21 1 0
github.com/LerianStudio/lib-commons/commons/log/structured.go:84.21,86.4 1 0
github.com/LerianStudio/lib-commons/commons/log/structured.go:87.3,87.41 1 0
github.com/LerianStudio/lib-commons/commons/log/structured.go:90.2,90.46 1 0
github.com/LerianStudio/lib-commons/commons/log/structured.go:94.46,96.2 1 0
github.com/LerianStudio/lib-commons/commons/log/structured.go:99.71,102.2 2 0
github.com/LerianStudio/lib-commons/commons/log/structured.go:105.47,107.2 1 0
github.com/LerianStudio/lib-commons/commons/log/structured.go:110.72,113.2 2 0
github.com/LerianStudio/lib-commons/commons/log/structured.go:116.46,118.2 1 0
github.com/LerianStudio/lib-commons/commons/log/structured.go:121.71,124.2 2 0
github.com/LerianStudio/lib-commons/commons/log/structured.go:127.47,129.2 1 0
github.com/LerianStudio/lib-commons/commons/log/structured.go:132.72,135.2 2 0
github.com/LerianStudio/lib-commons/commons/log/structured.go:138.47,140.2 1 0
github.com/LerianStudio/lib-commons/commons/log/structured.go:143.72,146.2 2 0
github.com/LerianStudio/lib-commons/commons/app.go:21.51,22.27 1 0
github.com/LerianStudio/lib-commons/commons/app.go:22.27,24.3 1 0
github.com/LerianStudio/lib-commons/commons/app.go:28.50,29.27 1 0
github.com/LerianStudio/lib-commons/commons/app.go:29.27,31.3 1 0
github.com/LerianStudio/lib-commons/commons/app.go:43.57,46.2 2 0
github.com/LerianStudio/lib-commons/commons/app.go:49.26,55.32 4 0
github.com/LerianStudio/lib-commons/commons/app.go:55.32,56.33 1 0
github.com/LerianStudio/lib-commons/commons/app.go:56.33,60.37 3 0
github.com/LerianStudio/lib-commons/commons/app.go:60.37,63.5 2 0
github.com/LerianStudio/lib-commons/commons/app.go:65.4,67.57 2 0
github.com/LerianStudio/lib-commons/commons/app.go:71.2,73.39 2 0
github.com/LerianStudio/lib-commons/commons/app.go:77.52,84.27 2 0
github.com/LerianStudio/lib-commons/commons/app.go:84.27,86.3 1 0
github.com/LerianStudio/lib-commons/commons/app.go:88.2,88.10 1 0
github.com/LerianStudio/lib-commons/commons/context.go:27.59,29.31 1 0
github.com/LerianStudio/lib-commons/commons/context.go:29.31,31.3 1 0
github.com/LerianStudio/lib-commons/commons/context.go:33.2,33.26 1 0
github.com/LerianStudio/lib-commons/commons/context.go:37.80,39.19 2 0
github.com/LerianStudio/lib-commons/commons/context.go:39.19,41.3 1 0
github.com/LerianStudio/lib-commons/commons/context.go:43.2,45.57 2 0
github.com/LerianStudio/lib-commons/commons/context.go:51.61,53.31 1 0
github.com/LerianStudio/lib-commons/commons/context.go:53.31,55.3 1 0
github.com/LerianStudio/lib-commons/commons/context.go:57.2,57.31 1 0
github.com/LerianStudio/lib-commons/commons/context.go:61.82,63.19 2 0
github.com/LerianStudio/lib-commons/commons/context.go:63.19,65.3 1 0
github.com/LerianStudio/lib-commons/commons/context.go:67.2,69.57 2 0
github.com/LerianStudio/lib-commons/commons/context.go:73.80,75.19 2 0
github.com/LerianStudio/lib-commons/commons/context.go:75.19,77.3 1 0
github.com/LerianStudio/lib-commons/commons/context.go:79.2,81.57 2 0
github.com/LerianStudio/lib-commons/commons/context.go:85.57,87.42 1 0
github.com/LerianStudio/lib-commons/commons/context.go:87.42,89.3 1 0
github.com/LerianStudio/lib-commons/commons/context.go:91.2,91.28 1 0
github.com/LerianStudio/lib-commons/commons/errors.go:16.34,17.18 1 0
github.com/LerianStudio/lib-commons/commons/errors.go:17.18,19.3 1 0
github.com/LerianStudio/lib-commons/commons/errors.go:20.2,20.18 1 0
github.com/LerianStudio/lib-commons/commons/errors.go:32.77,66.48 2 0
github.com/LerianStudio/lib-commons/commons/errors.go:66.48,68.3 1 0
github.com/LerianStudio/lib-commons/commons/errors.go:70.2,70.12 1 0
github.com/LerianStudio/lib-commons/commons/os.go:16.62,18.34 2 0
github.com/LerianStudio/lib-commons/commons/os.go:18.34,20.3 1 0
github.com/LerianStudio/lib-commons/commons/os.go:22.2,22.12 1 0
github.com/LerianStudio/lib-commons/commons/os.go:29.62,33.16 3 0
github.com/LerianStudio/lib-commons/commons/os.go:33.16,35.3 1 0
github.com/LerianStudio/lib-commons/commons/os.go:37.2,37.12 1 0
github.com/LerianStudio/lib-commons/commons/os.go:44.63,48.16 3 0
github.com/LerianStudio/lib-commons/commons/os.go:48.16,50.3 1 0
github.com/LerianStudio/lib-commons/commons/os.go:52.2,52.12 1 0
github.com/LerianStudio/lib-commons/commons/os.go:68.43,75.24 5 0
github.com/LerianStudio/lib-commons/commons/os.go:75.24,76.32 1 0
github.com/LerianStudio/lib-commons/commons/os.go:76.32,77.42 1 0
github.com/LerianStudio/lib-commons/commons/os.go:77.42,83.5 2 0
github.com/LerianStudio/lib-commons/commons/os.go:83.10,89.5 2 0
github.com/LerianStudio/lib-commons/commons/os.go:93.2,93.23 1 0
github.com/LerianStudio/lib-commons/commons/os.go:99.40,103.29 3 0
github.com/LerianStudio/lib-commons/commons/os.go:103.29,105.3 1 0
github.com/LerianStudio/lib-commons/commons/os.go:107.2,108.36 2 0
github.com/LerianStudio/lib-commons/commons/os.go:108.36,110.41 2 0
github.com/LerianStudio/lib-commons/commons/os.go:110.41,112.23 2 0
github.com/LerianStudio/lib-commons/commons/os.go:112.23,114.20 2 0
github.com/LerianStudio/lib-commons/commons/os.go:114.20,115.31 1 0
github.com/LerianStudio/lib-commons/commons/os.go:116.24,117.56 1 0
github.com/LerianStudio/lib-commons/commons/os.go:118.82,119.50 1 0
github.com/LerianStudio/lib-commons/commons/os.go:120.14,121.41 1 0
github.com/LerianStudio/lib-commons/commons/os.go:128.2,128.12 1 0
github.com/LerianStudio/lib-commons/commons/os.go:132.41,133.48 1 0
github.com/LerianStudio/lib-commons/commons/os.go:133.48,134.13 1 0
github.com/LerianStudio/lib-commons/commons/os.go:137.2,137.10 1 0
github.com/LerianStudio/lib-commons/commons/stringUtils.go:17.49,21.16 3 1
github.com/LerianStudio/lib-commons/commons/stringUtils.go:21.16,23.3 1 0
github.com/LerianStudio/lib-commons/commons/stringUtils.go:25.2,25.15 1 1
github.com/LerianStudio/lib-commons/commons/stringUtils.go:29.39,32.25 2 1
github.com/LerianStudio/lib-commons/commons/stringUtils.go:32.25,33.26 1 1
github.com/LerianStudio/lib-commons/commons/stringUtils.go:33.26,35.4 1 1
github.com/LerianStudio/lib-commons/commons/stringUtils.go:38.2,38.19 1 1
github.com/LerianStudio/lib-commons/commons/stringUtils.go:43.35,45.2 1 1
github.com/LerianStudio/lib-commons/commons/stringUtils.go:48.42,51.32 2 1
github.com/LerianStudio/lib-commons/commons/stringUtils.go:51.32,52.33 1 1
github.com/LerianStudio/lib-commons/commons/stringUtils.go:52.33,53.13 1 1
github.com/LerianStudio/lib-commons/commons/stringUtils.go:53.13,55.5 1 1
github.com/LerianStudio/lib-commons/commons/stringUtils.go:57.4,57.48 1 1
github.com/LerianStudio/lib-commons/commons/stringUtils.go:58.9,60.4 1 1
github.com/LerianStudio/lib-commons/commons/stringUtils.go:63.2,63.24 1 1
github.com/LerianStudio/lib-commons/commons/stringUtils.go:69.46,136.27 4 1
github.com/LerianStudio/lib-commons/commons/stringUtils.go:136.27,138.32 2 1
github.com/LerianStudio/lib-commons/commons/stringUtils.go:138.32,139.36 1 1
github.com/LerianStudio/lib-commons/commons/stringUtils.go:139.36,141.13 2 1
github.com/LerianStudio/lib-commons/commons/stringUtils.go:145.3,145.18 1 1
github.com/LerianStudio/lib-commons/commons/stringUtils.go:148.2,148.10 1 1
github.com/LerianStudio/lib-commons/commons/stringUtils.go:152.60,155.25 2 1
github.com/LerianStudio/lib-commons/commons/stringUtils.go:155.25,157.34 2 1
github.com/LerianStudio/lib-commons/commons/stringUtils.go:157.34,158.12 1 1
github.com/LerianStudio/lib-commons/commons/stringUtils.go:161.3,161.18 1 1
github.com/LerianStudio/lib-commons/commons/stringUtils.go:164.2,164.10 1 1
github.com/LerianStudio/lib-commons/commons/stringUtils.go:168.53,172.2 2 1
github.com/LerianStudio/lib-commons/commons/stringUtils.go:175.49,177.14 2 1
github.com/LerianStudio/lib-commons/commons/stringUtils.go:177.14,179.3 1 1
github.com/LerianStudio/lib-commons/commons/stringUtils.go:181.2,181.14 1 1
github.com/LerianStudio/lib-commons/commons/stringUtils.go:185.38,188.2 2 1
github.com/LerianStudio/lib-commons/commons/stringUtils.go:191.32,193.16 2 1
github.com/LerianStudio/lib-commons/commons/stringUtils.go:193.16,195.3 1 1
github.com/LerianStudio/lib-commons/commons/stringUtils.go:197.2,197.10 1 1
github.com/LerianStudio/lib-commons/commons/time.go:8.36,11.2 2 1
github.com/LerianStudio/lib-commons/commons/time.go:14.66,16.2 1 1
github.com/LerianStudio/lib-commons/commons/time.go:19.76,22.2 2 1
github.com/LerianStudio/lib-commons/commons/time.go:25.54,26.17 1 1
github.com/LerianStudio/lib-commons/commons/time.go:26.17,28.3 1 1
github.com/LerianStudio/lib-commons/commons/time.go:30.2,30.34 1 1
github.com/LerianStudio/lib-commons/commons/utils.go:21.53,22.26 1 1
github.com/LerianStudio/lib-commons/commons/utils.go:22.26,23.16 1 1
github.com/LerianStudio/lib-commons/commons/utils.go:23.16,25.4 1 1
github.com/LerianStudio/lib-commons/commons/utils.go:28.2,28.14 1 1
github.com/LerianStudio/lib-commons/commons/utils.go:32.79,33.29 1 1
github.com/LerianStudio/lib-commons/commons/utils.go:33.29,34.21 1 1
github.com/LerianStudio/lib-commons/commons/utils.go:34.21,36.4 1 1
github.com/LerianStudio/lib-commons/commons/utils.go:38.3,39.24 2 1
github.com/LerianStudio/lib-commons/commons/utils.go:40.12,41.27 1 1
github.com/LerianStudio/lib-commons/commons/utils.go:42.16,43.47 1 1
github.com/LerianStudio/lib-commons/commons/utils.go:44.15,45.13 1 1
github.com/LerianStudio/lib-commons/commons/utils.go:46.13,47.33 1 1
github.com/LerianStudio/lib-commons/commons/utils.go:50.3,50.25 1 1
github.com/LerianStudio/lib-commons/commons/utils.go:50.25,52.4 1 1
github.com/LerianStudio/lib-commons/commons/utils.go:55.2,55.12 1 1
github.com/LerianStudio/lib-commons/commons/utils.go:59.51,77.42 2 1
github.com/LerianStudio/lib-commons/commons/utils.go:77.42,79.3 1 1
github.com/LerianStudio/lib-commons/commons/utils.go:81.2,81.12 1 1
github.com/LerianStudio/lib-commons/commons/utils.go:85.42,88.32 2 1
github.com/LerianStudio/lib-commons/commons/utils.go:88.32,90.3 1 1
github.com/LerianStudio/lib-commons/commons/utils.go:92.2,92.12 1 1
github.com/LerianStudio/lib-commons/commons/utils.go:96.35,99.32 2 1
github.com/LerianStudio/lib-commons/commons/utils.go:99.32,101.3 1 1
github.com/LerianStudio/lib-commons/commons/utils.go:103.2,103.12 1 1
github.com/LerianStudio/lib-commons/commons/utils.go:106.38,107.25 1 1
github.com/LerianStudio/lib-commons/commons/utils.go:107.25,108.27 1 1
github.com/LerianStudio/lib-commons/commons/utils.go:108.27,110.4 1 1
github.com/LerianStudio/lib-commons/commons/utils.go:110.9,110.33 1 1
github.com/LerianStudio/lib-commons/commons/utils.go:110.33,112.4 1 1
github.com/LerianStudio/lib-commons/commons/utils.go:115.2,115.12 1 1
github.com/LerianStudio/lib-commons/commons/utils.go:119.42,132.40 2 1
github.com/LerianStudio/lib-commons/commons/utils.go:132.40,134.3 1 1
github.com/LerianStudio/lib-commons/commons/utils.go:136.2,136.12 1 1
github.com/LerianStudio/lib-commons/commons/utils.go:140.38,141.13 1 1
github.com/LerianStudio/lib-commons/commons/utils.go:141.13,143.3 1 1
github.com/LerianStudio/lib-commons/commons/utils.go:145.2,145.20 1 1
github.com/LerianStudio/lib-commons/commons/utils.go:149.36,150.23 1 1
github.com/LerianStudio/lib-commons/commons/utils.go:150.23,152.3 1 0
github.com/LerianStudio/lib-commons/commons/utils.go:152.8,152.30 1 1
github.com/LerianStudio/lib-commons/commons/utils.go:152.30,154.3 1 0
github.com/LerianStudio/lib-commons/commons/utils.go:156.2,156.17 1 1
github.com/LerianStudio/lib-commons/commons/utils.go:160.34,161.29 1 1
github.com/LerianStudio/lib-commons/commons/utils.go:161.29,163.3 1 1
github.com/LerianStudio/lib-commons/commons/utils.go:165.2,165.17 1 1
github.com/LerianStudio/lib-commons/commons/utils.go:169.28,173.2 2 1
github.com/LerianStudio/lib-commons/commons/utils.go:176.33,180.2 2 1
github.com/LerianStudio/lib-commons/commons/utils.go:183.48,185.16 2 1
github.com/LerianStudio/lib-commons/commons/utils.go:185.16,187.3 1 0
github.com/LerianStudio/lib-commons/commons/utils.go:189.2,189.30 1 1
github.com/LerianStudio/lib-commons/commons/utils.go:193.62,194.33 1 1
github.com/LerianStudio/lib-commons/commons/utils.go:194.33,195.19 1 1
github.com/LerianStudio/lib-commons/commons/utils.go:195.19,197.4 1 1
github.com/LerianStudio/lib-commons/commons/utils.go:197.9,199.4 1 1
github.com/LerianStudio/lib-commons/commons/utils.go:202.2,202.15 1 1
github.com/LerianStudio/lib-commons/commons/utils.go:211.70,213.2 1 0
github.com/LerianStudio/lib-commons/commons/utils.go:216.67,220.16 3 0
github.com/LerianStudio/lib-commons/commons/utils.go:220.16,222.3 1 0
github.com/LerianStudio/lib-commons/commons/utils.go:224.2,225.18 2 0
github.com/LerianStudio/lib-commons/commons/utils.go:225.18,227.3 1 0
github.com/LerianStudio/lib-commons/commons/utils.go:229.2,229.37 1 0
github.com/LerianStudio/lib-commons/commons/utils.go:233.67,239.16 4 0
github.com/LerianStudio/lib-commons/commons/utils.go:239.16,241.3 1 0
github.com/LerianStudio/lib-commons/commons/utils.go:241.8,243.3 1 0
github.com/LerianStudio/lib-commons/commons/utils.go:245.2,245.37 1 0
github.com/LerianStudio/lib-commons/commons/utils.go:258.45,270.2 9 1
github.com/LerianStudio/lib-commons/commons/utils.go:273.32,274.50 1 1
github.com/LerianStudio/lib-commons/commons/utils.go:274.50,276.3 1 1
github.com/LerianStudio/lib-commons/commons/utils.go:278.2,278.10 1 1
github.com/LerianStudio/lib-commons/commons/utils.go:281.73,285.2 2 1
github.com/LerianStudio/lib-commons/commons/utils.go:287.77,291.2 2 1
github.com/LerianStudio/lib-commons/commons/redis/redis.go:25.63,36.16 4 0
github.com/LerianStudio/lib-commons/commons/redis/redis.go:36.16,41.3 2 0
github.com/LerianStudio/lib-commons/commons/redis/redis.go:43.2,49.12 4 0
github.com/LerianStudio/lib-commons/commons/redis/redis.go:53.82,54.22 1 0
github.com/LerianStudio/lib-commons/commons/redis/redis.go:54.22,56.17 2 0
github.com/LerianStudio/lib-commons/commons/redis/redis.go:56.17,59.4 2 0
github.com/LerianStudio/lib-commons/commons/redis/redis.go:62.2,62.23 1 0
github.com/LerianStudio/lib-commons/commons/rabbitmq/rabbitmq.go:28.47,32.16 3 0
github.com/LerianStudio/lib-commons/commons/rabbitmq/rabbitmq.go:32.16,36.3 2 0
github.com/LerianStudio/lib-commons/commons/rabbitmq/rabbitmq.go:38.2,39.16 2 0
github.com/LerianStudio/lib-commons/commons/rabbitmq/rabbitmq.go:39.16,43.3 2 0
github.com/LerianStudio/lib-commons/commons/rabbitmq/rabbitmq.go:45.2,45.36 1 0
github.com/LerianStudio/lib-commons/commons/rabbitmq/rabbitmq.go:45.36,51.3 4 0
github.com/LerianStudio/lib-commons/commons/rabbitmq/rabbitmq.go:53.2,59.12 4 0
github.com/LerianStudio/lib-commons/commons/rabbitmq/rabbitmq.go:63.70,64.19 1 0
github.com/LerianStudio/lib-commons/commons/rabbitmq/rabbitmq.go:64.19,66.17 2 0
github.com/LerianStudio/lib-commons/commons/rabbitmq/rabbitmq.go:66.17,70.4 2 0
github.com/LerianStudio/lib-commons/commons/rabbitmq/rabbitmq.go:73.2,73.24 1 0
github.com/LerianStudio/lib-commons/commons/rabbitmq/rabbitmq.go:77.50,81.16 3 0
github.com/LerianStudio/lib-commons/commons/rabbitmq/rabbitmq.go:81.16,85.3 2 0
github.com/LerianStudio/lib-commons/commons/rabbitmq/rabbitmq.go:87.2,92.16 4 0
github.com/LerianStudio/lib-commons/commons/rabbitmq/rabbitmq.go:92.16,96.3 2 0
github.com/LerianStudio/lib-commons/commons/rabbitmq/rabbitmq.go:98.2,101.16 3 0
github.com/LerianStudio/lib-commons/commons/rabbitmq/rabbitmq.go:101.16,105.3 2 0
github.com/LerianStudio/lib-commons/commons/rabbitmq/rabbitmq.go:107.2,110.16 3 0
github.com/LerianStudio/lib-commons/commons/rabbitmq/rabbitmq.go:110.16,114.3 2 0
github.com/LerianStudio/lib-commons/commons/rabbitmq/rabbitmq.go:116.2,116.67 1 0
github.com/LerianStudio/lib-commons/commons/rabbitmq/rabbitmq.go:116.67,118.3 1 0
github.com/LerianStudio/lib-commons/commons/rabbitmq/rabbitmq.go:120.2,122.14 2 0
github.com/LerianStudio/lib-commons/commons/opentelemetry/otel.go:41.67,50.16 2 0
github.com/LerianStudio/lib-commons/commons/opentelemetry/otel.go:50.16,52.3 1 0
github.com/LerianStudio/lib-commons/commons/opentelemetry/otel.go:54.2,54.15 1 0
github.com/LerianStudio/lib-commons/commons/opentelemetry/otel.go:58.92,60.16 2 0
github.com/LerianStudio/lib-commons/commons/opentelemetry/otel.go:60.16,62.3 1 0
github.com/LerianStudio/lib-commons/commons/opentelemetry/otel.go:64.2,64.22 1 0
github.com/LerianStudio/lib-commons/commons/opentelemetry/otel.go:68.95,70.16 2 0
github.com/LerianStudio/lib-commons/commons/opentelemetry/otel.go:70.16,72.3 1 0
github.com/LerianStudio/lib-commons/commons/opentelemetry/otel.go:74.2,74.17 1 0
github.com/LerianStudio/lib-commons/commons/opentelemetry/otel.go:78.90,80.16 2 0
github.com/LerianStudio/lib-commons/commons/opentelemetry/otel.go:80.16,82.3 1 0
github.com/LerianStudio/lib-commons/commons/opentelemetry/otel.go:84.2,84.22 1 0
github.com/LerianStudio/lib-commons/commons/opentelemetry/otel.go:88.117,93.2 3 0
github.com/LerianStudio/lib-commons/commons/opentelemetry/otel.go:96.121,103.2 2 0
github.com/LerianStudio/lib-commons/commons/opentelemetry/otel.go:106.117,113.2 2 0
github.com/LerianStudio/lib-commons/commons/opentelemetry/otel.go:116.42,118.2 1 0
github.com/LerianStudio/lib-commons/commons/opentelemetry/otel.go:121.72,124.25 2 0
github.com/LerianStudio/lib-commons/commons/opentelemetry/otel.go:124.25,128.3 2 0
github.com/LerianStudio/lib-commons/commons/opentelemetry/otel.go:130.2,133.16 3 0
github.com/LerianStudio/lib-commons/commons/opentelemetry/otel.go:133.16,135.3 1 0
github.com/LerianStudio/lib-commons/commons/opentelemetry/otel.go:137.2,138.16 2 0
github.com/LerianStudio/lib-commons/commons/opentelemetry/otel.go:138.16,140.3 1 0
github.com/LerianStudio/lib-commons/commons/opentelemetry/otel.go:142.2,143.16 2 0
github.com/LerianStudio/lib-commons/commons/opentelemetry/otel.go:143.16,145.3 1 0
github.com/LerianStudio/lib-commons/commons/opentelemetry/otel.go:147.2,148.16 2 0
github.com/LerianStudio/lib-commons/commons/opentelemetry/otel.go:148.16,150.3 1 0
github.com/LerianStudio/lib-commons/commons/opentelemetry/otel.go:152.2,163.23 9 0
github.com/LerianStudio/lib-commons/commons/opentelemetry/otel.go:163.23,165.17 2 0
github.com/LerianStudio/lib-commons/commons/opentelemetry/otel.go:165.17,167.4 1 0
github.com/LerianStudio/lib-commons/commons/opentelemetry/otel.go:169.3,170.17 2 0
github.com/LerianStudio/lib-commons/commons/opentelemetry/otel.go:170.17,172.4 1 0
github.com/LerianStudio/lib-commons/commons/opentelemetry/otel.go:174.3,175.17 2 0
github.com/LerianStudio/lib-commons/commons/opentelemetry/otel.go:175.17,177.4 1 0
github.com/LerianStudio/lib-commons/commons/opentelemetry/otel.go:179.3,180.17 2 0
github.com/LerianStudio/lib-commons/commons/opentelemetry/otel.go:180.17,182.4 1 0
github.com/LerianStudio/lib-commons/commons/opentelemetry/otel.go:184.3,185.17 2 0
github.com/LerianStudio/lib-commons/commons/opentelemetry/otel.go:185.17,187.4 1 0
github.com/LerianStudio/lib-commons/commons/opentelemetry/otel.go:189.3,190.17 2 0
github.com/LerianStudio/lib-commons/commons/opentelemetry/otel.go:190.17,192.4 1 0
github.com/LerianStudio/lib-commons/commons/opentelemetry/otel.go:195.2,204.3 3 0
github.com/LerianStudio/lib-commons/commons/opentelemetry/otel.go:208.87,210.16 2 0
github.com/LerianStudio/lib-commons/commons/opentelemetry/otel.go:210.16,212.3 1 0
github.com/LerianStudio/lib-commons/commons/opentelemetry/otel.go:214.2,219.12 2 0
github.com/LerianStudio/lib-commons/commons/opentelemetry/otel.go:223.67,226.2 2 0
github.com/LerianStudio/lib-commons/commons/opentelemetry/otel.go:229.57,231.15 2 0
github.com/LerianStudio/lib-commons/commons/opentelemetry/otel.go:231.15,233.3 1 0
github.com/LerianStudio/lib-commons/commons/opentelemetry/otel.go:242.2,244.59 2 0
github.com/LerianStudio/lib-commons/commons/opentelemetry/otel.go:244.59,247.3 2 0
github.com/LerianStudio/lib-commons/commons/opentelemetry/otel.go:249.2,249.45 1 0
github.com/LerianStudio/lib-commons/commons/opentelemetry/otel.go:253.58,256.59 2 0
github.com/LerianStudio/lib-commons/commons/opentelemetry/otel.go:256.59,259.3 2 0
github.com/LerianStudio/lib-commons/commons/opentelemetry/otel.go:261.2,261.8 1 0
github.com/LerianStudio/lib-commons/commons/opentelemetry/otel.go:261.8,263.3 1 0
github.com/LerianStudio/lib-commons/commons/opentelemetry/otel.go:265.2,265.12 1 0
github.com/LerianStudio/lib-commons/commons/observability/metrics.go:34.71,43.16 3 0
github.com/LerianStudio/lib-commons/commons/observability/metrics.go:43.16,45.3 1 0
github.com/LerianStudio/lib-commons/commons/observability/metrics.go:46.2,53.16 3 0
github.com/LerianStudio/lib-commons/commons/observability/metrics.go:53.16,55.3 1 0
github.com/LerianStudio/lib-commons/commons/observability/metrics.go:56.2,63.16 3 0
github.com/LerianStudio/lib-commons/commons/observability/metrics.go:63.16,65.3 1 0
github.com/LerianStudio/lib-commons/commons/observability/metrics.go:66.2,73.16 3 0
github.com/LerianStudio/lib-commons/commons/observability/metrics.go:73.16,75.3 1 0
github.com/LerianStudio/lib-commons/commons/observability/metrics.go:76.2,84.16 3 0
github.com/LerianStudio/lib-commons/commons/observability/metrics.go:84.16,86.3 1 0
github.com/LerianStudio/lib-commons/commons/observability/metrics.go:87.2,95.16 3 0
github.com/LerianStudio/lib-commons/commons/observability/metrics.go:95.16,97.3 1 0
github.com/LerianStudio/lib-commons/commons/observability/metrics.go:98.2,106.16 3 0
github.com/LerianStudio/lib-commons/commons/observability/metrics.go:106.16,108.3 1 0
github.com/LerianStudio/lib-commons/commons/observability/metrics.go:109.2,111.16 2 0
github.com/LerianStudio/lib-commons/commons/observability/metrics.go:123.3,131.20 2 0
github.com/LerianStudio/lib-commons/commons/observability/metrics.go:131.20,133.3 1 0
github.com/LerianStudio/lib-commons/commons/observability/metrics.go:135.2,137.16 2 0
github.com/LerianStudio/lib-commons/commons/observability/metrics.go:137.16,139.3 1 0
github.com/LerianStudio/lib-commons/commons/observability/metrics.go:148.3,155.2 2 0
github.com/LerianStudio/lib-commons/commons/observability/metrics.go:163.3,171.2 2 0
github.com/LerianStudio/lib-commons/commons/observability/metrics.go:179.3,187.2 2 0
github.com/LerianStudio/lib-commons/commons/observability/metrics.go:193.3,199.2 2 0
github.com/LerianStudio/lib-commons/commons/observability/metrics.go:207.3,215.2 2 0
github.com/LerianStudio/lib-commons/commons/observability/middleware.go:37.37,55.16 5 0
github.com/LerianStudio/lib-commons/commons/observability/middleware.go:55.16,57.3 1 0
github.com/LerianStudio/lib-commons/commons/observability/middleware.go:58.2,65.16 3 0
github.com/LerianStudio/lib-commons/commons/observability/middleware.go:65.16,67.3 1 0
github.com/LerianStudio/lib-commons/commons/observability/middleware.go:68.2,75.16 3 0
github.com/LerianStudio/lib-commons/commons/observability/middleware.go:75.16,77.3 1 0
github.com/LerianStudio/lib-commons/commons/observability/middleware.go:78.2,85.16 3 0
github.com/LerianStudio/lib-commons/commons/observability/middleware.go:85.16,87.3 1 0
github.com/LerianStudio/lib-commons/commons/observability/middleware.go:88.2,95.16 3 0
github.com/LerianStudio/lib-commons/commons/observability/middleware.go:95.16,97.3 1 0
github.com/LerianStudio/lib-commons/commons/observability/middleware.go:98.2,100.16 2 0
github.com/LerianStudio/lib-commons/commons/observability/middleware.go:104.63,105.34 1 0
github.com/LerianStudio/lib-commons/commons/observability/middleware.go:105.34,136.45 8 0
github.com/LerianStudio/lib-commons/commons/observability/middleware.go:136.45,138.4 1 0
github.com/LerianStudio/lib-commons/commons/observability/middleware.go:141.3,155.17 6 0
github.com/LerianStudio/lib-commons/commons/observability/middleware.go:155.17,158.4 2 0
github.com/LerianStudio/lib-commons/commons/observability/middleware.go:161.3,166.23 4 0
github.com/LerianStudio/lib-commons/commons/observability/middleware.go:166.23,168.4 1 0
github.com/LerianStudio/lib-commons/commons/observability/middleware.go:171.3,182.17 2 0
github.com/LerianStudio/lib-commons/commons/observability/middleware.go:182.17,185.4 2 0
github.com/LerianStudio/lib-commons/commons/observability/middleware.go:185.9,185.31 1 0
github.com/LerianStudio/lib-commons/commons/observability/middleware.go:185.31,187.4 1 0
github.com/LerianStudio/lib-commons/commons/observability/middleware.go:187.9,189.4 1 0
github.com/LerianStudio/lib-commons/commons/observability/middleware.go:191.3,191.13 1 0
github.com/LerianStudio/lib-commons/commons/observability/tracing.go:20.62,24.2 1 0
github.com/LerianStudio/lib-commons/commons/observability/tracing.go:33.9,49.16 4 0
github.com/LerianStudio/lib-commons/commons/observability/tracing.go:49.16,53.3 3 0
github.com/LerianStudio/lib-commons/commons/observability/tracing.go:53.8,55.3 1 0
github.com/LerianStudio/lib-commons/commons/observability/tracing.go:57.2,57.12 1 0
github.com/LerianStudio/lib-commons/commons/observability/tracing.go:61.107,63.2 1 0
github.com/LerianStudio/lib-commons/commons/observability/tracing.go:66.124,68.2 1 0
github.com/LerianStudio/lib-commons/commons/observability/tracing.go:76.33,78.2 1 0
github.com/LerianStudio/lib-commons/commons/observability/tracing.go:84.44,86.2 1 0
github.com/LerianStudio/lib-commons/commons/observability/tracing.go:89.51,91.2 1 0
github.com/LerianStudio/lib-commons/commons/observability/tracing.go:94.37,96.19 2 0
github.com/LerianStudio/lib-commons/commons/observability/tracing.go:96.19,98.3 1 0
github.com/LerianStudio/lib-commons/commons/observability/tracing.go:99.2,99.13 1 0
github.com/LerianStudio/lib-commons/commons/shutdown/shutdown.go:28.21,35.2 1 0
github.com/LerianStudio/lib-commons/commons/shutdown/shutdown.go:39.46,50.2 5 0
github.com/LerianStudio/lib-commons/commons/shutdown/shutdown.go:53.47,55.19 1 0
github.com/LerianStudio/lib-commons/commons/shutdown/shutdown.go:55.19,58.43 2 0
github.com/LerianStudio/lib-commons/commons/shutdown/shutdown.go:58.43,60.4 1 0
github.com/LerianStudio/lib-commons/commons/shutdown/shutdown.go:64.2,64.25 1 0
github.com/LerianStudio/lib-commons/commons/shutdown/shutdown.go:64.25,67.3 2 0
github.com/LerianStudio/lib-commons/commons/shutdown/shutdown.go:70.2,70.22 1 0
github.com/LerianStudio/lib-commons/commons/shutdown/shutdown.go:70.22,73.42 2 0
github.com/LerianStudio/lib-commons/commons/shutdown/shutdown.go:73.42,75.4 1 0
github.com/LerianStudio/lib-commons/commons/shutdown/shutdown.go:79.2,79.29 1 0
github.com/LerianStudio/lib-commons/commons/shutdown/shutdown.go:79.29,82.3 2 0
github.com/LerianStudio/lib-commons/commons/shutdown/shutdown.go:84.2,84.47 1 0
github.com/LerianStudio/lib-commons/commons/shutdown/shutdown.go:95.3,97.22 1 0
github.com/LerianStudio/lib-commons/commons/shutdown/shutdown.go:97.22,99.3 1 0
github.com/LerianStudio/lib-commons/commons/shutdown/shutdown.go:102.2,105.15 2 0
github.com/LerianStudio/lib-commons/commons/shutdown/shutdown.go:105.15,106.31 1 0
github.com/LerianStudio/lib-commons/commons/shutdown/shutdown.go:106.31,110.4 3 0
github.com/LerianStudio/lib-commons/commons/shutdown/shutdown.go:114.2,114.12 1 0
github.com/LerianStudio/lib-commons/commons/shutdown/shutdown.go:114.12,117.51 2 0
github.com/LerianStudio/lib-commons/commons/shutdown/shutdown.go:117.51,121.4 1 0
github.com/LerianStudio/lib-commons/commons/shutdown/shutdown.go:125.2,125.21 1 0
github.com/LerianStudio/lib-commons/commons/eventsourcing/eventsourcing.go:74.55,75.29 1 0
github.com/LerianStudio/lib-commons/commons/eventsourcing/eventsourcing.go:75.29,77.3 1 0
github.com/LerianStudio/lib-commons/commons/eventsourcing/eventsourcing.go:81.102,88.27 2 1
github.com/LerianStudio/lib-commons/commons/eventsourcing/eventsourcing.go:88.27,90.3 1 0
github.com/LerianStudio/lib-commons/commons/eventsourcing/eventsourcing.go:92.2,92.10 1 1
github.com/LerianStudio/lib-commons/commons/eventsourcing/eventsourcing.go:96.77,101.35 3 1
github.com/LerianStudio/lib-commons/commons/eventsourcing/eventsourcing.go:101.36,105.3 0 0
github.com/LerianStudio/lib-commons/commons/eventsourcing/eventsourcing.go:108.2,109.21 2 1
github.com/LerianStudio/lib-commons/commons/eventsourcing/eventsourcing.go:109.21,111.3 1 0
github.com/LerianStudio/lib-commons/commons/eventsourcing/eventsourcing.go:113.2,114.16 2 1
github.com/LerianStudio/lib-commons/commons/eventsourcing/eventsourcing.go:114.16,116.3 1 0
github.com/LerianStudio/lib-commons/commons/eventsourcing/eventsourcing.go:118.2,118.41 1 1
github.com/LerianStudio/lib-commons/commons/eventsourcing/eventsourcing.go:118.41,120.3 1 0
github.com/LerianStudio/lib-commons/commons/eventsourcing/eventsourcing.go:123.2,123.31 1 1
github.com/LerianStudio/lib-commons/commons/eventsourcing/eventsourcing.go:123.31,124.48 1 1
github.com/LerianStudio/lib-commons/commons/eventsourcing/eventsourcing.go:124.48,126.4 1 0
github.com/LerianStudio/lib-commons/commons/eventsourcing/eventsourcing.go:129.2,129.23 1 1
github.com/LerianStudio/lib-commons/commons/eventsourcing/eventsourcing.go:133.91,134.22 1 1
github.com/LerianStudio/lib-commons/commons/eventsourcing/eventsourcing.go:134.22,136.3 1 0
github.com/LerianStudio/lib-commons/commons/eventsourcing/eventsourcing.go:139.2,140.88 2 1
github.com/LerianStudio/lib-commons/commons/eventsourcing/eventsourcing.go:140.88,142.3 1 0
github.com/LerianStudio/lib-commons/commons/eventsourcing/eventsourcing.go:145.2,145.70 1 1
github.com/LerianStudio/lib-commons/commons/eventsourcing/eventsourcing.go:145.70,152.61 2 0
github.com/LerianStudio/lib-commons/commons/eventsourcing/eventsourcing.go:152.62,155.4 0 0
github.com/LerianStudio/lib-commons/commons/eventsourcing/eventsourcing.go:158.2,158.12 1 1
github.com/LerianStudio/lib-commons/commons/eventsourcing/eventsourcing.go:173.74,175.2 1 1
github.com/LerianStudio/lib-commons/commons/eventsourcing/eventsourcing.go:178.59,179.71 1 1
github.com/LerianStudio/lib-commons/commons/eventsourcing/eventsourcing.go:179.71,180.36 1 1
github.com/LerianStudio/lib-commons/commons/eventsourcing/eventsourcing.go:180.36,181.53 1 1
github.com/LerianStudio/lib-commons/commons/eventsourcing/eventsourcing.go:181.53,183.5 1 1
github.com/LerianStudio/lib-commons/commons/eventsourcing/eventsourcing.go:185.3,185.13 1 1
github.com/LerianStudio/lib-commons/commons/eventsourcing/eventsourcing.go:197.30,201.2 1 1
github.com/LerianStudio/lib-commons/commons/eventsourcing/eventsourcing.go:204.73,209.2 3 1
github.com/LerianStudio/lib-commons/commons/eventsourcing/eventsourcing.go:212.58,214.2 1 0
github.com/LerianStudio/lib-commons/commons/eventsourcing/eventsourcing.go:217.50,222.2 3 0
github.com/LerianStudio/lib-commons/commons/eventsourcing/eventsourcing.go:225.69,227.35 1 1
github.com/LerianStudio/lib-commons/commons/eventsourcing/eventsourcing.go:227.35,228.47 1 0
github.com/LerianStudio/lib-commons/commons/eventsourcing/eventsourcing.go:228.47,230.4 1 0
github.com/LerianStudio/lib-commons/commons/eventsourcing/eventsourcing.go:233.2,237.49 3 1
github.com/LerianStudio/lib-commons/commons/eventsourcing/eventsourcing.go:237.49,238.36 1 1
github.com/LerianStudio/lib-commons/commons/eventsourcing/eventsourcing.go:238.36,240.4 1 1
github.com/LerianStudio/lib-commons/commons/eventsourcing/eventsourcing.go:244.2,244.42 1 1
github.com/LerianStudio/lib-commons/commons/eventsourcing/eventsourcing.go:244.42,245.36 1 0
github.com/LerianStudio/lib-commons/commons/eventsourcing/eventsourcing.go:245.36,247.4 1 0
github.com/LerianStudio/lib-commons/commons/eventsourcing/eventsourcing.go:250.2,250.12 1 1
github.com/LerianStudio/lib-commons/commons/eventsourcing/eventsourcing.go:268.64,272.2 1 0
github.com/LerianStudio/lib-commons/commons/eventsourcing/eventsourcing.go:275.76,278.2 2 0
github.com/LerianStudio/lib-commons/commons/eventsourcing/eventsourcing.go:281.83,283.38 1 0
github.com/LerianStudio/lib-commons/commons/eventsourcing/eventsourcing.go:283.38,285.3 1 0
github.com/LerianStudio/lib-commons/commons/eventsourcing/eventsourcing.go:288.2,288.37 1 0
github.com/LerianStudio/lib-commons/commons/eventsourcing/eventsourcing.go:288.37,290.17 2 0
github.com/LerianStudio/lib-commons/commons/eventsourcing/eventsourcing.go:290.17,292.4 1 0
github.com/LerianStudio/lib-commons/commons/eventsourcing/eventsourcing.go:294.3,294.32 1 0
github.com/LerianStudio/lib-commons/commons/eventsourcing/eventsourcing.go:294.32,295.40 1 0
github.com/LerianStudio/lib-commons/commons/eventsourcing/eventsourcing.go:295.40,297.5 1 0
github.com/LerianStudio/lib-commons/commons/eventsourcing/eventsourcing.go:301.2,301.12 1 0
github.com/LerianStudio/lib-commons/commons/eventsourcing/eventsourcing.go:305.108,308.37 2 0
github.com/LerianStudio/lib-commons/commons/eventsourcing/eventsourcing.go:308.37,310.17 2 0
github.com/LerianStudio/lib-commons/commons/eventsourcing/eventsourcing.go:310.17,312.4 1 0
github.com/LerianStudio/lib-commons/commons/eventsourcing/eventsourcing.go:314.3,314.32 1 0
github.com/LerianStudio/lib-commons/commons/eventsourcing/eventsourcing.go:314.32,316.4 1 0
github.com/LerianStudio/lib-commons/commons/eventsourcing/eventsourcing.go:319.2,319.12 1 0
github.com/LerianStudio/lib-commons/commons/eventsourcing/eventsourcing.go:329.42,333.2 1 0
github.com/LerianStudio/lib-commons/commons/eventsourcing/eventsourcing.go:336.76,341.2 3 0
github.com/LerianStudio/lib-commons/commons/eventsourcing/eventsourcing.go:344.75,349.9 4 0
github.com/LerianStudio/lib-commons/commons/eventsourcing/eventsourcing.go:349.9,351.3 1 0
github.com/LerianStudio/lib-commons/commons/eventsourcing/eventsourcing.go:353.2,353.35 1 0
github.com/LerianStudio/lib-commons/commons/eventsourcing/eventsourcing.go:357.83,358.31 1 0
github.com/LerianStudio/lib-commons/commons/eventsourcing/eventsourcing.go:358.31,359.48 1 0
github.com/LerianStudio/lib-commons/commons/eventsourcing/eventsourcing.go:359.48,361.4 1 0
github.com/LerianStudio/lib-commons/commons/eventsourcing/eventsourcing.go:363.2,363.12 1 0
github.com/LerianStudio/lib-commons/commons/circuitbreaker/circuitbreaker.go:20.32,21.11 1 0
github.com/LerianStudio/lib-commons/commons/circuitbreaker/circuitbreaker.go:22.19,23.18 1 0
github.com/LerianStudio/lib-commons/commons/circuitbreaker/circuitbreaker.go:24.17,25.16 1 0
github.com/LerianStudio/lib-commons/commons/circuitbreaker/circuitbreaker.go:26.21,27.21 1 0
github.com/LerianStudio/lib-commons/commons/circuitbreaker/circuitbreaker.go:28.10,29.19 1 0
github.com/LerianStudio/lib-commons/commons/circuitbreaker/circuitbreaker.go:84.36,85.25 1 1
github.com/LerianStudio/lib-commons/commons/circuitbreaker/circuitbreaker.go:85.25,87.3 1 1
github.com/LerianStudio/lib-commons/commons/circuitbreaker/circuitbreaker.go:91.43,92.25 1 1
github.com/LerianStudio/lib-commons/commons/circuitbreaker/circuitbreaker.go:92.25,94.3 1 1
github.com/LerianStudio/lib-commons/commons/circuitbreaker/circuitbreaker.go:98.42,99.25 1 1
github.com/LerianStudio/lib-commons/commons/circuitbreaker/circuitbreaker.go:99.25,101.3 1 1
github.com/LerianStudio/lib-commons/commons/circuitbreaker/circuitbreaker.go:105.55,106.25 1 1
github.com/LerianStudio/lib-commons/commons/circuitbreaker/circuitbreaker.go:106.25,108.3 1 1
github.com/LerianStudio/lib-commons/commons/circuitbreaker/circuitbreaker.go:112.53,113.25 1 1
github.com/LerianStudio/lib-commons/commons/circuitbreaker/circuitbreaker.go:113.25,115.3 1 1
github.com/LerianStudio/lib-commons/commons/circuitbreaker/circuitbreaker.go:119.55,124.42 1 1
github.com/LerianStudio/lib-commons/commons/circuitbreaker/circuitbreaker.go:124.42,126.4 1 1
github.com/LerianStudio/lib-commons/commons/circuitbreaker/circuitbreaker.go:127.37,127.38 0 1
github.com/LerianStudio/lib-commons/commons/circuitbreaker/circuitbreaker.go:130.2,130.27 1 1
github.com/LerianStudio/lib-commons/commons/circuitbreaker/circuitbreaker.go:130.27,132.3 1 1
github.com/LerianStudio/lib-commons/commons/circuitbreaker/circuitbreaker.go:134.2,138.3 1 1
github.com/LerianStudio/lib-commons/commons/circuitbreaker/circuitbreaker.go:142.41,144.2 1 1
github.com/LerianStudio/lib-commons/commons/circuitbreaker/circuitbreaker.go:147.41,152.81 3 1
github.com/LerianStudio/lib-commons/commons/circuitbreaker/circuitbreaker.go:152.81,154.3 1 1
github.com/LerianStudio/lib-commons/commons/circuitbreaker/circuitbreaker.go:156.2,156.17 1 1
github.com/LerianStudio/lib-commons/commons/circuitbreaker/circuitbreaker.go:160.58,162.2 1 1
github.com/LerianStudio/lib-commons/commons/circuitbreaker/circuitbreaker.go:165.90,167.9 1 1
github.com/LerianStudio/lib-commons/commons/circuitbreaker/circuitbreaker.go:168.20,169.19 1 1
github.com/LerianStudio/lib-commons/commons/circuitbreaker/circuitbreaker.go:170.10,170.10 0 1
github.com/LerianStudio/lib-commons/commons/circuitbreaker/circuitbreaker.go:173.2,180.53 4 1
github.com/LerianStudio/lib-commons/commons/circuitbreaker/circuitbreaker.go:180.53,182.3 1 1
github.com/LerianStudio/lib-commons/commons/circuitbreaker/circuitbreaker.go:183.2,187.22 3 1
github.com/LerianStudio/lib-commons/commons/circuitbreaker/circuitbreaker.go:188.17,190.24 2 1
github.com/LerianStudio/lib-commons/commons/circuitbreaker/circuitbreaker.go:192.21,196.13 3 1
github.com/LerianStudio/lib-commons/commons/circuitbreaker/circuitbreaker.go:198.19,202.13 3 1
github.com/LerianStudio/lib-commons/commons/circuitbreaker/circuitbreaker.go:204.10,205.53 1 0
github.com/LerianStudio/lib-commons/commons/circuitbreaker/circuitbreaker.go:210.68,216.15 4 1
github.com/LerianStudio/lib-commons/commons/circuitbreaker/circuitbreaker.go:216.15,222.17 5 1
github.com/LerianStudio/lib-commons/commons/circuitbreaker/circuitbreaker.go:222.17,225.4 1 1
github.com/LerianStudio/lib-commons/commons/circuitbreaker/circuitbreaker.go:225.9,225.48 1 1
github.com/LerianStudio/lib-commons/commons/circuitbreaker/circuitbreaker.go:225.48,228.4 1 1
github.com/LerianStudio/lib-commons/commons/circuitbreaker/circuitbreaker.go:229.8,233.74 3 1
github.com/LerianStudio/lib-commons/commons/circuitbreaker/circuitbreaker.go:233.74,238.4 3 1
github.com/LerianStudio/lib-commons/commons/circuitbreaker/circuitbreaker.go:238.9,238.25 1 1
github.com/LerianStudio/lib-commons/commons/circuitbreaker/circuitbreaker.go:238.25,241.4 1 1
github.com/LerianStudio/lib-commons/commons/circuitbreaker/circuitbreaker.go:246.55,247.26 1 1
github.com/LerianStudio/lib-commons/commons/circuitbreaker/circuitbreaker.go:247.26,249.3 1 0
github.com/LerianStudio/lib-commons/commons/circuitbreaker/circuitbreaker.go:251.2,260.36 3 1
github.com/LerianStudio/lib-commons/commons/circuitbreaker/circuitbreaker.go:264.35,271.2 5 1
github.com/LerianStudio/lib-commons/commons/circuitbreaker/circuitbreaker.go:274.45,286.2 3 1
github.com/LerianStudio/lib-commons/commons/mongo/mongo.go:22.63,31.16 4 1
github.com/LerianStudio/lib-commons/commons/mongo/mongo.go:31.16,34.3 2 1
github.com/LerianStudio/lib-commons/commons/mongo/mongo.go:36.2,36.47 1 0
github.com/LerianStudio/lib-commons/commons/mongo/mongo.go:36.47,41.3 2 0
github.com/LerianStudio/lib-commons/commons/mongo/mongo.go:43.2,49.12 4 0
github.com/LerianStudio/lib-commons/commons/mongo/mongo.go:53.78,54.18 1 1
github.com/LerianStudio/lib-commons/commons/mongo/mongo.go:54.18,56.17 2 1
github.com/LerianStudio/lib-commons/commons/mongo/mongo.go:56.17,59.4 2 1
github.com/LerianStudio/lib-commons/commons/mongo/mongo.go:62.2,62.19 1 1
github.com/LerianStudio/lib-commons/commons/net/http/cursor.go:24.54,31.2 2 1
github.com/LerianStudio/lib-commons/commons/net/http/cursor.go:34.50,36.16 2 1
github.com/LerianStudio/lib-commons/commons/net/http/cursor.go:36.16,38.3 1 0
github.com/LerianStudio/lib-commons/commons/net/http/cursor.go:40.2,42.60 2 1
github.com/LerianStudio/lib-commons/commons/net/http/cursor.go:42.60,44.3 1 0
github.com/LerianStudio/lib-commons/commons/net/http/cursor.go:46.2,46.17 1 1
github.com/LerianStudio/lib-commons/commons/net/http/cursor.go:50.149,58.28 5 1
github.com/LerianStudio/lib-commons/commons/net/http/cursor.go:58.28,61.47 2 1
github.com/LerianStudio/lib-commons/commons/net/http/cursor.go:61.47,64.4 2 0
github.com/LerianStudio/lib-commons/commons/net/http/cursor.go:66.3,66.48 1 1
github.com/LerianStudio/lib-commons/commons/net/http/cursor.go:66.48,69.4 2 1
github.com/LerianStudio/lib-commons/commons/net/http/cursor.go:71.3,71.48 1 1
github.com/LerianStudio/lib-commons/commons/net/http/cursor.go:71.48,74.4 2 1
github.com/LerianStudio/lib-commons/commons/net/http/cursor.go:76.3,76.49 1 1
github.com/LerianStudio/lib-commons/commons/net/http/cursor.go:76.49,79.4 2 1
github.com/LerianStudio/lib-commons/commons/net/http/cursor.go:81.3,87.75 3 1
github.com/LerianStudio/lib-commons/commons/net/http/cursor.go:91.2,93.74 2 1
github.com/LerianStudio/lib-commons/commons/net/http/cursor.go:97.133,100.17 2 1
github.com/LerianStudio/lib-commons/commons/net/http/cursor.go:100.17,101.20 1 1
github.com/LerianStudio/lib-commons/commons/net/http/cursor.go:101.20,103.4 1 1
github.com/LerianStudio/lib-commons/commons/net/http/cursor.go:105.3,105.24 1 0
github.com/LerianStudio/lib-commons/commons/net/http/cursor.go:108.2,108.16 1 1
github.com/LerianStudio/lib-commons/commons/net/http/cursor.go:108.16,109.20 1 1
github.com/LerianStudio/lib-commons/commons/net/http/cursor.go:109.20,111.4 1 1
github.com/LerianStudio/lib-commons/commons/net/http/cursor.go:113.3,113.24 1 0
github.com/LerianStudio/lib-commons/commons/net/http/cursor.go:116.2,116.19 1 1
github.com/LerianStudio/lib-commons/commons/net/http/cursor.go:116.19,118.3 1 1
github.com/LerianStudio/lib-commons/commons/net/http/cursor.go:120.2,120.40 1 1
github.com/LerianStudio/lib-commons/commons/net/http/cursor.go:124.125,129.17 4 1
github.com/LerianStudio/lib-commons/commons/net/http/cursor.go:129.17,130.20 1 1
github.com/LerianStudio/lib-commons/commons/net/http/cursor.go:130.20,132.4 1 1
github.com/LerianStudio/lib-commons/commons/net/http/cursor.go:133.8,134.17 1 1
github.com/LerianStudio/lib-commons/commons/net/http/cursor.go:134.17,135.21 1 1
github.com/LerianStudio/lib-commons/commons/net/http/cursor.go:135.21,137.5 1 1
github.com/LerianStudio/lib-commons/commons/net/http/cursor.go:139.4,139.46 1 1
github.com/LerianStudio/lib-commons/commons/net/http/cursor.go:140.9,143.21 2 1
github.com/LerianStudio/lib-commons/commons/net/http/cursor.go:143.21,145.5 1 1
github.com/LerianStudio/lib-commons/commons/net/http/cursor.go:149.2,149.40 1 1
github.com/LerianStudio/lib-commons/commons/net/http/cursor.go:149.40,151.17 2 1
github.com/LerianStudio/lib-commons/commons/net/http/cursor.go:151.17,153.4 1 0
github.com/LerianStudio/lib-commons/commons/net/http/cursor.go:155.3,155.76 1 1
github.com/LerianStudio/lib-commons/commons/net/http/cursor.go:158.2,158.40 1 1
github.com/LerianStudio/lib-commons/commons/net/http/cursor.go:158.40,160.17 2 1
github.com/LerianStudio/lib-commons/commons/net/http/cursor.go:160.17,162.4 1 0
github.com/LerianStudio/lib-commons/commons/net/http/cursor.go:164.3,164.76 1 1
github.com/LerianStudio/lib-commons/commons/net/http/cursor.go:167.2,167.24 1 1
github.com/LerianStudio/lib-commons/commons/net/http/handler.go:11.31,12.48 1 0
github.com/LerianStudio/lib-commons/commons/net/http/handler.go:12.48,14.3 1 0
github.com/LerianStudio/lib-commons/commons/net/http/handler.go:16.2,16.12 1 0
github.com/LerianStudio/lib-commons/commons/net/http/handler.go:20.34,25.2 1 0
github.com/LerianStudio/lib-commons/commons/net/http/handler.go:28.64,29.34 1 0
github.com/LerianStudio/lib-commons/commons/net/http/handler.go:29.34,34.3 1 0
github.com/LerianStudio/lib-commons/commons/net/http/handler.go:38.49,40.2 1 0
github.com/LerianStudio/lib-commons/commons/net/http/handler.go:43.42,44.34 1 0
github.com/LerianStudio/lib-commons/commons/net/http/handler.go:44.34,46.3 1 0
github.com/LerianStudio/lib-commons/commons/net/http/proxy.go:11.83,13.16 2 0
github.com/LerianStudio/lib-commons/commons/net/http/proxy.go:13.16,16.3 2 0
github.com/LerianStudio/lib-commons/commons/net/http/proxy.go:18.2,26.27 6 0
github.com/LerianStudio/lib-commons/commons/net/http/response.go:13.68,19.2 1 0
github.com/LerianStudio/lib-commons/commons/net/http/response.go:22.65,28.2 1 0
github.com/LerianStudio/lib-commons/commons/net/http/response.go:31.44,33.2 1 0
github.com/LerianStudio/lib-commons/commons/net/http/response.go:36.41,38.2 1 0
github.com/LerianStudio/lib-commons/commons/net/http/response.go:41.36,43.2 1 0
github.com/LerianStudio/lib-commons/commons/net/http/response.go:46.36,48.2 1 0
github.com/LerianStudio/lib-commons/commons/net/http/response.go:51.42,53.2 1 0
github.com/LerianStudio/lib-commons/commons/net/http/response.go:56.48,58.2 1 0
github.com/LerianStudio/lib-commons/commons/net/http/response.go:61.46,63.2 1 0
github.com/LerianStudio/lib-commons/commons/net/http/response.go:66.64,72.2 1 0
github.com/LerianStudio/lib-commons/commons/net/http/response.go:75.64,81.2 1 0
github.com/LerianStudio/lib-commons/commons/net/http/response.go:84.57,90.2 1 0
github.com/LerianStudio/lib-commons/commons/net/http/response.go:93.75,99.2 1 0
github.com/LerianStudio/lib-commons/commons/net/http/response.go:102.75,108.2 1 0
github.com/LerianStudio/lib-commons/commons/net/http/response.go:111.66,115.2 2 0
github.com/LerianStudio/lib-commons/commons/net/http/response.go:118.58,120.2 1 0
github.com/LerianStudio/lib-commons/commons/net/http/withBasicAuth.go:19.66,20.38 1 0
github.com/LerianStudio/lib-commons/commons/net/http/withBasicAuth.go:20.38,21.137 1 0
github.com/LerianStudio/lib-commons/commons/net/http/withBasicAuth.go:21.137,23.4 1 0
github.com/LerianStudio/lib-commons/commons/net/http/withBasicAuth.go:25.3,25.15 1 0
github.com/LerianStudio/lib-commons/commons/net/http/withBasicAuth.go:30.65,31.34 1 0
github.com/LerianStudio/lib-commons/commons/net/http/withBasicAuth.go:31.34,33.17 2 0
github.com/LerianStudio/lib-commons/commons/net/http/withBasicAuth.go:33.17,35.4 1 0
github.com/LerianStudio/lib-commons/commons/net/http/withBasicAuth.go:37.3,38.52 2 0
github.com/LerianStudio/lib-commons/commons/net/http/withBasicAuth.go:38.52,40.4 1 0
github.com/LerianStudio/lib-commons/commons/net/http/withBasicAuth.go:42.3,43.17 2 0
github.com/LerianStudio/lib-commons/commons/net/http/withBasicAuth.go:43.17,45.4 1 0
github.com/LerianStudio/lib-commons/commons/net/http/withBasicAuth.go:47.3,48.21 2 0
github.com/LerianStudio/lib-commons/commons/net/http/withBasicAuth.go:48.21,50.4 1 0
github.com/LerianStudio/lib-commons/commons/net/http/withBasicAuth.go:52.3,52.26 1 0
github.com/LerianStudio/lib-commons/commons/net/http/withBasicAuth.go:52.26,54.4 1 0
github.com/LerianStudio/lib-commons/commons/net/http/withBasicAuth.go:56.3,56.40 1 0
github.com/LerianStudio/lib-commons/commons/net/http/withBasicAuth.go:60.61,68.2 2 0
github.com/LerianStudio/lib-commons/commons/net/http/withCORS.go:18.31,26.2 1 0
github.com/LerianStudio/lib-commons/commons/net/http/withCORS.go:29.47,32.45 2 0
github.com/LerianStudio/lib-commons/commons/net/http/withCORS.go:32.45,34.3 1 0
github.com/LerianStudio/lib-commons/commons/net/http/withLogging.go:47.48,52.41 4 0
github.com/LerianStudio/lib-commons/commons/net/http/withLogging.go:52.41,53.52 1 0
github.com/LerianStudio/lib-commons/commons/net/http/withLogging.go:53.52,55.4 1 0
github.com/LerianStudio/lib-commons/commons/net/http/withLogging.go:58.2,58.28 1 0
github.com/LerianStudio/lib-commons/commons/net/http/withLogging.go:58.28,60.3 1 0
github.com/LerianStudio/lib-commons/commons/net/http/withLogging.go:62.2,64.44 2 0
github.com/LerianStudio/lib-commons/commons/net/http/withLogging.go:64.44,70.31 4 0
github.com/LerianStudio/lib-commons/commons/net/http/withLogging.go:70.31,72.4 1 0
github.com/LerianStudio/lib-commons/commons/net/http/withLogging.go:74.3,74.32 1 0
github.com/LerianStudio/lib-commons/commons/net/http/withLogging.go:74.32,76.4 1 0
github.com/LerianStudio/lib-commons/commons/net/http/withLogging.go:76.9,78.4 1 0
github.com/LerianStudio/lib-commons/commons/net/http/withLogging.go:81.2,92.3 1 0
github.com/LerianStudio/lib-commons/commons/net/http/withLogging.go:97.42,109.2 1 0
github.com/LerianStudio/lib-commons/commons/net/http/withLogging.go:112.39,114.2 1 0
github.com/LerianStudio/lib-commons/commons/net/http/withLogging.go:116.51,123.2 1 0
github.com/LerianStudio/lib-commons/commons/net/http/withLogging.go:127.69,131.2 3 0
github.com/LerianStudio/lib-commons/commons/net/http/withLogging.go:141.62,142.32 1 0
github.com/LerianStudio/lib-commons/commons/net/http/withLogging.go:142.32,144.3 1 0
github.com/LerianStudio/lib-commons/commons/net/http/withLogging.go:148.60,153.27 2 0
github.com/LerianStudio/lib-commons/commons/net/http/withLogging.go:153.27,155.3 1 0
github.com/LerianStudio/lib-commons/commons/net/http/withLogging.go:157.2,157.12 1 0
github.com/LerianStudio/lib-commons/commons/net/http/withLogging.go:163.65,164.34 1 0
github.com/LerianStudio/lib-commons/commons/net/http/withLogging.go:164.34,165.28 1 0
github.com/LerianStudio/lib-commons/commons/net/http/withLogging.go:165.28,167.4 1 0
github.com/LerianStudio/lib-commons/commons/net/http/withLogging.go:169.3,169.81 1 0
github.com/LerianStudio/lib-commons/commons/net/http/withLogging.go:169.81,171.4 1 0
github.com/LerianStudio/lib-commons/commons/net/http/withLogging.go:173.3,199.34 11 0
github.com/LerianStudio/lib-commons/commons/net/http/withLogging.go:199.34,201.4 1 0
github.com/LerianStudio/lib-commons/commons/net/http/withLogging.go:203.3,203.13 1 0
github.com/LerianStudio/lib-commons/commons/net/http/withLogging.go:208.79,214.17 1 0
github.com/LerianStudio/lib-commons/commons/net/http/withLogging.go:214.17,216.9 2 0
github.com/LerianStudio/lib-commons/commons/net/http/withLogging.go:216.9,218.62 2 0
github.com/LerianStudio/lib-commons/commons/net/http/withLogging.go:218.62,220.5 1 0
github.com/LerianStudio/lib-commons/commons/net/http/withLogging.go:220.10,222.5 1 0
github.com/LerianStudio/lib-commons/commons/net/http/withLogging.go:225.3,236.19 8 0
github.com/LerianStudio/lib-commons/commons/net/http/withLogging.go:240.39,243.37 2 0
github.com/LerianStudio/lib-commons/commons/net/http/withLogging.go:243.37,248.3 4 0
github.com/LerianStudio/lib-commons/commons/net/http/withLogging.go:250.2,251.23 2 0
github.com/LerianStudio/lib-commons/commons/net/http/withLogging.go:254.97,259.55 3 0
github.com/LerianStudio/lib-commons/commons/net/http/withLogging.go:259.55,261.3 1 0
github.com/LerianStudio/lib-commons/commons/net/http/withLogging.go:261.8,261.79 1 0
github.com/LerianStudio/lib-commons/commons/net/http/withLogging.go:261.79,263.3 1 0
github.com/LerianStudio/lib-commons/commons/net/http/withLogging.go:263.8,263.65 1 0
github.com/LerianStudio/lib-commons/commons/net/http/withLogging.go:263.65,265.3 1 0
github.com/LerianStudio/lib-commons/commons/net/http/withLogging.go:265.8,267.3 1 0
github.com/LerianStudio/lib-commons/commons/net/http/withLogging.go:269.2,269.23 1 0
github.com/LerianStudio/lib-commons/commons/net/http/withLogging.go:272.74,274.61 2 0
github.com/LerianStudio/lib-commons/commons/net/http/withLogging.go:274.61,276.3 1 0
github.com/LerianStudio/lib-commons/commons/net/http/withLogging.go:278.2,278.42 1 0
github.com/LerianStudio/lib-commons/commons/net/http/withLogging.go:278.42,279.43 1 0
github.com/LerianStudio/lib-commons/commons/net/http/withLogging.go:279.43,281.4 1 0
github.com/LerianStudio/lib-commons/commons/net/http/withLogging.go:284.2,285.16 2 0
github.com/LerianStudio/lib-commons/commons/net/http/withLogging.go:285.16,287.3 1 0
github.com/LerianStudio/lib-commons/commons/net/http/withLogging.go:289.2,289.28 1 0
github.com/LerianStudio/lib-commons/commons/net/http/withLogging.go:292.73,295.42 2 0
github.com/LerianStudio/lib-commons/commons/net/http/withLogging.go:295.42,296.47 1 0
github.com/LerianStudio/lib-commons/commons/net/http/withLogging.go:296.47,298.4 1 0
github.com/LerianStudio/lib-commons/commons/net/http/withLogging.go:301.2,303.35 2 0
github.com/LerianStudio/lib-commons/commons/net/http/withLogging.go:303.35,305.3 1 0
github.com/LerianStudio/lib-commons/commons/net/http/withLogging.go:307.2,307.29 1 0
github.com/LerianStudio/lib-commons/commons/net/http/withLogging.go:310.79,314.42 3 0
github.com/LerianStudio/lib-commons/commons/net/http/withLogging.go:314.42,315.43 1 0
github.com/LerianStudio/lib-commons/commons/net/http/withLogging.go:315.43,317.4 1 0
github.com/LerianStudio/lib-commons/commons/net/http/withLogging.go:320.2,320.35 1 0
github.com/LerianStudio/lib-commons/commons/net/http/withLogging.go:320.35,322.3 1 0
github.com/LerianStudio/lib-commons/commons/net/http/withLogging.go:324.2,324.29 1 0
github.com/LerianStudio/lib-commons/commons/net/http/withTelemetry.go:23.79,25.2 1 0
github.com/LerianStudio/lib-commons/commons/net/http/withTelemetry.go:28.89,29.34 1 0
github.com/LerianStudio/lib-commons/commons/net/http/withTelemetry.go:29.34,33.81 3 0
github.com/LerianStudio/lib-commons/commons/net/http/withTelemetry.go:33.81,35.4 1 0
github.com/LerianStudio/lib-commons/commons/net/http/withTelemetry.go:37.3,43.17 5 0
github.com/LerianStudio/lib-commons/commons/net/http/withTelemetry.go:43.17,47.4 2 0
github.com/LerianStudio/lib-commons/commons/net/http/withTelemetry.go:49.3,49.18 1 0
github.com/LerianStudio/lib-commons/commons/net/http/withTelemetry.go:54.68,56.16 2 0
github.com/LerianStudio/lib-commons/commons/net/http/withTelemetry.go:56.16,58.3 1 0
github.com/LerianStudio/lib-commons/commons/net/http/withTelemetry.go:60.2,62.12 2 0
github.com/LerianStudio/lib-commons/commons/net/http/withTelemetry.go:62.12,64.3 1 0
github.com/LerianStudio/lib-commons/commons/net/http/withTelemetry.go:66.2,66.12 1 0
github.com/LerianStudio/lib-commons/commons/net/http/withTelemetry.go:70.114,76.17 1 0
github.com/LerianStudio/lib-commons/commons/net/http/withTelemetry.go:76.17,83.17 5 0
github.com/LerianStudio/lib-commons/commons/net/http/withTelemetry.go:83.17,93.18 3 0
github.com/LerianStudio/lib-commons/commons/net/http/withTelemetry.go:93.18,97.5 2 0
github.com/LerianStudio/lib-commons/commons/net/http/withTelemetry.go:99.4,99.71 1 0
github.com/LerianStudio/lib-commons/commons/net/http/withTelemetry.go:102.3,103.17 2 0
github.com/LerianStudio/lib-commons/commons/net/http/withTelemetry.go:103.17,105.4 1 0
github.com/LerianStudio/lib-commons/commons/net/http/withTelemetry.go:107.3,107.19 1 0
github.com/LerianStudio/lib-commons/commons/net/http/withTelemetry.go:112.89,118.17 1 0
github.com/LerianStudio/lib-commons/commons/net/http/withTelemetry.go:118.17,121.13 2 0
github.com/LerianStudio/lib-commons/commons/net/http/withTelemetry.go:121.13,123.4 1 0
github.com/LerianStudio/lib-commons/commons/net/http/withTelemetry.go:125.3,125.19 1 0
github.com/LerianStudio/lib-commons/commons/net/http/withTelemetry.go:129.74,131.16 2 0
github.com/LerianStudio/lib-commons/commons/net/http/withTelemetry.go:131.16,133.3 1 0
github.com/LerianStudio/lib-commons/commons/net/http/withTelemetry.go:135.2,138.16 3 0
github.com/LerianStudio/lib-commons/commons/net/http/withTelemetry.go:138.16,140.3 1 0
github.com/LerianStudio/lib-commons/commons/net/http/withTelemetry.go:142.2,144.12 2 0
github.com/LerianStudio/lib-commons/commons/cache/cache.go:26.44,28.34 2 1
github.com/LerianStudio/lib-commons/commons/cache/cache.go:28.34,30.3 1 0
github.com/LerianStudio/lib-commons/commons/cache/cache.go:32.2,36.37 3 1
github.com/LerianStudio/lib-commons/commons/cache/cache.go:36.37,39.3 2 1
github.com/LerianStudio/lib-commons/commons/cache/cache.go:42.2,42.36 1 0
github.com/LerianStudio/lib-commons/commons/cache/cache.go:43.14,44.34 1 0
github.com/LerianStudio/lib-commons/commons/cache/cache.go:44.34,47.4 2 0
github.com/LerianStudio/lib-commons/commons/cache/cache.go:48.11,49.31 1 0
github.com/LerianStudio/lib-commons/commons/cache/cache.go:49.31,52.4 2 0
github.com/LerianStudio/lib-commons/commons/cache/cache.go:53.12,54.30 1 0
github.com/LerianStudio/lib-commons/commons/cache/cache.go:54.30,57.4 2 0
github.com/LerianStudio/lib-commons/commons/cache/cache.go:61.2,62.16 2 0
github.com/LerianStudio/lib-commons/commons/cache/cache.go:62.16,64.3 1 0
github.com/LerianStudio/lib-commons/commons/cache/cache.go:66.2,66.50 1 0
github.com/LerianStudio/lib-commons/commons/cache/cache.go:66.50,68.3 1 0
github.com/LerianStudio/lib-commons/commons/cache/cache.go:70.2,70.12 1 0
github.com/LerianStudio/lib-commons/commons/cache/cache.go:145.46,146.30 1 1
github.com/LerianStudio/lib-commons/commons/cache/cache.go:146.30,148.3 1 1
github.com/LerianStudio/lib-commons/commons/cache/cache.go:152.66,153.30 1 0
github.com/LerianStudio/lib-commons/commons/cache/cache.go:153.30,155.3 1 0
github.com/LerianStudio/lib-commons/commons/cache/cache.go:159.53,160.30 1 1
github.com/LerianStudio/lib-commons/commons/cache/cache.go:160.30,162.3 1 1
github.com/LerianStudio/lib-commons/commons/cache/cache.go:166.68,167.30 1 1
github.com/LerianStudio/lib-commons/commons/cache/cache.go:167.30,169.3 1 1
github.com/LerianStudio/lib-commons/commons/cache/cache.go:173.61,181.27 2 1
github.com/LerianStudio/lib-commons/commons/cache/cache.go:181.27,183.3 1 1
github.com/LerianStudio/lib-commons/commons/cache/cache.go:186.2,186.27 1 1
github.com/LerianStudio/lib-commons/commons/cache/cache.go:186.27,188.3 1 1
github.com/LerianStudio/lib-commons/commons/cache/cache.go:190.2,190.10 1 1
github.com/LerianStudio/lib-commons/commons/cache/cache.go:194.85,199.13 4 1
github.com/LerianStudio/lib-commons/commons/cache/cache.go:199.13,200.23 1 1
github.com/LerianStudio/lib-commons/commons/cache/cache.go:200.23,202.4 1 1
github.com/LerianStudio/lib-commons/commons/cache/cache.go:203.3,203.24 1 1
github.com/LerianStudio/lib-commons/commons/cache/cache.go:207.2,207.70 1 1
github.com/LerianStudio/lib-commons/commons/cache/cache.go:207.70,211.23 4 1
github.com/LerianStudio/lib-commons/commons/cache/cache.go:211.23,214.4 2 0
github.com/LerianStudio/lib-commons/commons/cache/cache.go:215.3,215.24 1 1
github.com/LerianStudio/lib-commons/commons/cache/cache.go:219.2,225.54 5 1
github.com/LerianStudio/lib-commons/commons/cache/cache.go:225.54,227.3 1 0
github.com/LerianStudio/lib-commons/commons/cache/cache.go:229.2,229.22 1 1
github.com/LerianStudio/lib-commons/commons/cache/cache.go:229.22,231.3 1 1
github.com/LerianStudio/lib-commons/commons/cache/cache.go:233.2,233.12 1 1
github.com/LerianStudio/lib-commons/commons/cache/cache.go:237.104,238.13 1 1
github.com/LerianStudio/lib-commons/commons/cache/cache.go:238.13,240.3 1 0
github.com/LerianStudio/lib-commons/commons/cache/cache.go:242.2,246.47 3 1
github.com/LerianStudio/lib-commons/commons/cache/cache.go:246.47,247.40 1 1
github.com/LerianStudio/lib-commons/commons/cache/cache.go:247.40,250.4 1 1
github.com/LerianStudio/lib-commons/commons/cache/cache.go:253.2,258.13 2 1
github.com/LerianStudio/lib-commons/commons/cache/cache.go:258.13,260.3 1 1
github.com/LerianStudio/lib-commons/commons/cache/cache.go:262.2,264.22 2 1
github.com/LerianStudio/lib-commons/commons/cache/cache.go:264.22,267.3 2 1
github.com/LerianStudio/lib-commons/commons/cache/cache.go:269.2,269.12 1 1
github.com/LerianStudio/lib-commons/commons/cache/cache.go:273.69,279.22 4 1
github.com/LerianStudio/lib-commons/commons/cache/cache.go:279.22,282.3 2 0
github.com/LerianStudio/lib-commons/commons/cache/cache.go:284.2,284.12 1 1
github.com/LerianStudio/lib-commons/commons/cache/cache.go:288.77,293.13 4 1
github.com/LerianStudio/lib-commons/commons/cache/cache.go:293.13,295.3 1 1
github.com/LerianStudio/lib-commons/commons/cache/cache.go:298.2,298.70 1 1
github.com/LerianStudio/lib-commons/commons/cache/cache.go:298.70,303.3 4 0
github.com/LerianStudio/lib-commons/commons/cache/cache.go:305.2,305.18 1 1
github.com/LerianStudio/lib-commons/commons/cache/cache.go:309.56,315.22 4 1
github.com/LerianStudio/lib-commons/commons/cache/cache.go:315.22,317.3 1 0
github.com/LerianStudio/lib-commons/commons/cache/cache.go:319.2,319.12 1 1
github.com/LerianStudio/lib-commons/commons/cache/cache.go:323.83,328.13 4 0
github.com/LerianStudio/lib-commons/commons/cache/cache.go:328.13,330.3 1 0
github.com/LerianStudio/lib-commons/commons/cache/cache.go:332.2,332.31 1 0
github.com/LerianStudio/lib-commons/commons/cache/cache.go:332.31,334.3 1 0
github.com/LerianStudio/lib-commons/commons/cache/cache.go:336.2,337.13 2 0
github.com/LerianStudio/lib-commons/commons/cache/cache.go:337.13,339.3 1 0
github.com/LerianStudio/lib-commons/commons/cache/cache.go:341.2,341.17 1 0
github.com/LerianStudio/lib-commons/commons/cache/cache.go:345.83,352.33 5 0
github.com/LerianStudio/lib-commons/commons/cache/cache.go:352.33,354.64 1 0
github.com/LerianStudio/lib-commons/commons/cache/cache.go:354.64,355.12 1 0
github.com/LerianStudio/lib-commons/commons/cache/cache.go:358.3,358.21 1 0
github.com/LerianStudio/lib-commons/commons/cache/cache.go:358.21,360.4 1 0
github.com/LerianStudio/lib-commons/commons/cache/cache.go:360.9,362.58 1 0
github.com/LerianStudio/lib-commons/commons/cache/cache.go:362.58,364.63 2 0
github.com/LerianStudio/lib-commons/commons/cache/cache.go:364.63,366.6 1 0
github.com/LerianStudio/lib-commons/commons/cache/cache.go:367.10,367.29 1 0
github.com/LerianStudio/lib-commons/commons/cache/cache.go:367.29,369.5 1 0
github.com/LerianStudio/lib-commons/commons/cache/cache.go:373.2,373.18 1 0
github.com/LerianStudio/lib-commons/commons/cache/cache.go:377.31,378.22 1 1
github.com/LerianStudio/lib-commons/commons/cache/cache.go:378.22,380.3 1 0
github.com/LerianStudio/lib-commons/commons/cache/cache.go:382.2,384.26 2 1
github.com/LerianStudio/lib-commons/commons/cache/cache.go:385.19,387.34 2 1
github.com/LerianStudio/lib-commons/commons/cache/cache.go:387.34,388.61 1 1
github.com/LerianStudio/lib-commons/commons/cache/cache.go:388.61,391.5 2 1
github.com/LerianStudio/lib-commons/commons/cache/cache.go:393.19,395.34 2 0
github.com/LerianStudio/lib-commons/commons/cache/cache.go:395.34,396.45 1 0
github.com/LerianStudio/lib-commons/commons/cache/cache.go:396.45,399.5 2 0
github.com/LerianStudio/lib-commons/commons/cache/cache.go:401.22,403.27 1 0
github.com/LerianStudio/lib-commons/commons/cache/cache.go:403.27,405.9 2 0
github.com/LerianStudio/lib-commons/commons/cache/cache.go:409.2,409.20 1 1
github.com/LerianStudio/lib-commons/commons/cache/cache.go:409.20,411.23 2 1
github.com/LerianStudio/lib-commons/commons/cache/cache.go:411.23,413.4 1 0
github.com/LerianStudio/lib-commons/commons/cache/cache.go:418.103,425.27 5 1
github.com/LerianStudio/lib-commons/commons/cache/cache.go:425.27,427.76 2 1
github.com/LerianStudio/lib-commons/commons/cache/cache.go:427.76,429.24 2 1
github.com/LerianStudio/lib-commons/commons/cache/cache.go:429.24,431.5 1 0
github.com/LerianStudio/lib-commons/commons/cache/cache.go:432.9,433.24 1 1
github.com/LerianStudio/lib-commons/commons/cache/cache.go:433.24,435.5 1 0
github.com/LerianStudio/lib-commons/commons/cache/cache.go:439.2,439.20 1 1
github.com/LerianStudio/lib-commons/commons/cache/cache.go:443.111,447.32 3 1
github.com/LerianStudio/lib-commons/commons/cache/cache.go:447.32,449.48 1 1
github.com/LerianStudio/lib-commons/commons/cache/cache.go:449.48,450.41 1 0
github.com/LerianStudio/lib-commons/commons/cache/cache.go:450.41,452.5 1 0
github.com/LerianStudio/lib-commons/commons/cache/cache.go:455.3,460.14 2 1
github.com/LerianStudio/lib-commons/commons/cache/cache.go:460.14,462.4 1 0
github.com/LerianStudio/lib-commons/commons/cache/cache.go:464.3,466.23 2 1
github.com/LerianStudio/lib-commons/commons/cache/cache.go:466.23,468.4 1 0
github.com/LerianStudio/lib-commons/commons/cache/cache.go:471.2,471.22 1 1
github.com/LerianStudio/lib-commons/commons/cache/cache.go:471.22,473.3 1 0
github.com/LerianStudio/lib-commons/commons/cache/cache.go:475.2,475.12 1 1
github.com/LerianStudio/lib-commons/commons/cache/cache.go:479.38,483.6 3 1
github.com/LerianStudio/lib-commons/commons/cache/cache.go:483.6,484.10 1 1
github.com/LerianStudio/lib-commons/commons/cache/cache.go:485.19,486.15 1 1
github.com/LerianStudio/lib-commons/commons/cache/cache.go:487.24,488.10 1 1
github.com/LerianStudio/lib-commons/commons/cache/cache.go:494.33,499.33 4 1
github.com/LerianStudio/lib-commons/commons/cache/cache.go:499.33,500.64 1 1
github.com/LerianStudio/lib-commons/commons/cache/cache.go:500.64,502.24 2 1
github.com/LerianStudio/lib-commons/commons/cache/cache.go:502.24,504.5 1 0
github.com/LerianStudio/lib-commons/commons/cache/cache.go:508.2,508.22 1 1
github.com/LerianStudio/lib-commons/commons/cache/cache.go:508.22,510.3 1 0
github.com/LerianStudio/lib-commons/commons/cache/cache.go:514.30,515.27 1 1
github.com/LerianStudio/lib-commons/commons/cache/cache.go:515.27,517.3 1 1
github.com/LerianStudio/lib-commons/commons/cache/cache.go:528.68,533.2 1 1
github.com/LerianStudio/lib-commons/commons/cache/cache.go:536.87,539.16 2 1
github.com/LerianStudio/lib-commons/commons/cache/cache.go:539.16,541.3 1 1
github.com/LerianStudio/lib-commons/commons/cache/cache.go:543.2,543.27 1 1
github.com/LerianStudio/lib-commons/commons/cache/cache.go:543.27,545.3 1 0
github.com/LerianStudio/lib-commons/commons/cache/cache.go:548.2,549.16 2 1
github.com/LerianStudio/lib-commons/commons/cache/cache.go:549.16,551.3 1 1
github.com/LerianStudio/lib-commons/commons/cache/cache.go:554.2,554.60 1 1
github.com/LerianStudio/lib-commons/commons/cache/cache.go:554.60,556.3 1 0
github.com/LerianStudio/lib-commons/commons/cache/cache.go:559.2,559.49 1 1
github.com/LerianStudio/lib-commons/commons/cache/cache.go:559.49,561.3 1 0
github.com/LerianStudio/lib-commons/commons/cache/cache.go:563.2,563.12 1 1
github.com/LerianStudio/lib-commons/commons/cache/cache.go:567.106,569.2 1 0
github.com/LerianStudio/lib-commons/commons/cache/cache.go:572.71,574.2 1 0
[...]
github.com/LerianStudio/lib-commons/commons/validation/validation.go:130.2,130.47 1 1
github.com/LerianStudio/lib-commons/commons/validation/validation.go:130.47,132.3 1 1
github.com/LerianStudio/lib-commons/commons/validation/validation.go:134.2,134.18 1 1
github.com/LerianStudio/lib-commons/commons/validation/validation.go:134.18,136.3 1 0
github.com/LerianStudio/lib-commons/commons/validation/validation.go:138.2,138.12 1 1
github.com/LerianStudio/lib-commons/commons/validation/validation.go:142.51,143.47 1 1
github.com/LerianStudio/lib-commons/commons/validation/validation.go:143.47,145.3 1 1
github.com/LerianStudio/lib-commons/commons/validation/validation.go:146.2,146.12 1 1
github.com/LerianStudio/lib-commons/commons/validation/validation.go:150.61,151.32 1 1
github.com/LerianStudio/lib-commons/commons/validation/validation.go:151.32,156.3 1 1
github.com/LerianStudio/lib-commons/commons/validation/validation.go:157.2,157.12 1 1
github.com/LerianStudio/lib-commons/commons/validation/validation.go:161.54,163.16 2 1
github.com/LerianStudio/lib-commons/commons/validation/validation.go:163.16,168.3 1 0
github.com/LerianStudio/lib-commons/commons/validation/validation.go:170.2,170.28 1 1
github.com/LerianStudio/lib-commons/commons/validation/validation.go:170.28,175.3 1 1
github.com/LerianStudio/lib-commons/commons/validation/validation.go:177.2,177.12 1 1
github.com/LerianStudio/lib-commons/commons/validation/validation.go:181.68,182.23 1 1
github.com/LerianStudio/lib-commons/commons/validation/validation.go:182.23,187.3 1 1
github.com/LerianStudio/lib-commons/commons/validation/validation.go:189.2,189.28 1 1
github.com/LerianStudio/lib-commons/commons/validation/validation.go:189.28,190.17 1 1
github.com/LerianStudio/lib-commons/commons/validation/validation.go:190.17,192.4 1 1
github.com/LerianStudio/lib-commons/commons/validation/validation.go:195.2,198.3 1 1
github.com/LerianStudio/lib-commons/commons/validation/validation.go:208.77,212.49 3 1
github.com/LerianStudio/lib-commons/commons/validation/validation.go:212.49,214.3 1 0
github.com/LerianStudio/lib-commons/commons/validation/validation.go:216.2,217.12 2 1
github.com/LerianStudio/lib-commons/commons/validation/validation.go:221.54,228.29 4 1
github.com/LerianStudio/lib-commons/commons/validation/validation.go:228.29,231.3 2 0
github.com/LerianStudio/lib-commons/commons/validation/validation.go:233.2,233.32 1 1
github.com/LerianStudio/lib-commons/commons/validation/validation.go:233.32,236.3 2 0
github.com/LerianStudio/lib-commons/commons/validation/validation.go:239.2,239.36 1 1
github.com/LerianStudio/lib-commons/commons/validation/validation.go:239.36,245.24 4 1
github.com/LerianStudio/lib-commons/commons/validation/validation.go:245.24,246.12 1 0
github.com/LerianStudio/lib-commons/commons/validation/validation.go:250.3,251.30 2 1
github.com/LerianStudio/lib-commons/commons/validation/validation.go:251.30,252.82 1 1
github.com/LerianStudio/lib-commons/commons/validation/validation.go:252.82,253.46 1 1
github.com/LerianStudio/lib-commons/commons/validation/validation.go:253.46,255.6 1 1
github.com/LerianStudio/lib-commons/commons/validation/validation.go:255.11,257.6 1 0
github.com/LerianStudio/lib-commons/commons/validation/validation.go:262.2,262.22 1 1
github.com/LerianStudio/lib-commons/commons/validation/validation.go:262.22,264.3 1 1
github.com/LerianStudio/lib-commons/commons/validation/validation.go:266.2,266.15 1 1
github.com/LerianStudio/lib-commons/commons/validation/validation.go:270.69,274.18 3 1
github.com/LerianStudio/lib-commons/commons/validation/validation.go:275.18,276.36 1 1
github.com/LerianStudio/lib-commons/commons/validation/validation.go:278.15,279.49 1 1
github.com/LerianStudio/lib-commons/commons/validation/validation.go:279.49,281.4 1 1
github.com/LerianStudio/lib-commons/commons/validation/validation.go:283.13,284.49 1 1
github.com/LerianStudio/lib-commons/commons/validation/validation.go:284.49,286.4 1 1
github.com/LerianStudio/lib-commons/commons/validation/validation.go:288.14,289.49 1 1
github.com/LerianStudio/lib-commons/commons/validation/validation.go:289.49,291.4 1 1
github.com/LerianStudio/lib-commons/commons/validation/validation.go:293.13,294.22 1 1
github.com/LerianStudio/lib-commons/commons/validation/validation.go:294.22,296.4 1 0
github.com/LerianStudio/lib-commons/commons/validation/validation.go:297.3,300.28 3 1
github.com/LerianStudio/lib-commons/commons/validation/validation.go:301.15,302.39 1 1
github.com/LerianStudio/lib-commons/commons/validation/validation.go:303.12,304.71 1 1
github.com/LerianStudio/lib-commons/commons/validation/validation.go:305.14,306.64 1 0
github.com/LerianStudio/lib-commons/commons/validation/validation.go:309.13,310.22 1 1
github.com/LerianStudio/lib-commons/commons/validation/validation.go:310.22,312.4 1 0
github.com/LerianStudio/lib-commons/commons/validation/validation.go:313.3,316.28 3 1
github.com/LerianStudio/lib-commons/commons/validation/validation.go:317.15,318.39 1 1
github.com/LerianStudio/lib-commons/commons/validation/validation.go:319.12,320.79 1 1
github.com/LerianStudio/lib-commons/commons/validation/validation.go:321.14,322.72 1 0
github.com/LerianStudio/lib-commons/commons/validation/validation.go:325.15,326.22 1 1
github.com/LerianStudio/lib-commons/commons/validation/validation.go:326.22,328.4 1 0
github.com/LerianStudio/lib-commons/commons/validation/validation.go:329.3,330.36 2 1
github.com/LerianStudio/lib-commons/commons/validation/validation.go:330.36,332.4 1 1
github.com/LerianStudio/lib-commons/commons/validation/validation.go:334.10,340.13 4 1
github.com/LerianStudio/lib-commons/commons/validation/validation.go:340.13,342.4 1 1
github.com/LerianStudio/lib-commons/commons/validation/validation.go:344.3,344.61 1 0
github.com/LerianStudio/lib-commons/commons/validation/validation.go:347.2,347.12 1 1
github.com/LerianStudio/lib-commons/commons/zap/injector.go:15.37,18.43 2 1
github.com/LerianStudio/lib-commons/commons/zap/injector.go:18.43,22.3 3 1
github.com/LerianStudio/lib-commons/commons/zap/injector.go:22.8,26.3 3 0
github.com/LerianStudio/lib-commons/commons/zap/injector.go:28.2,28.46 1 1
github.com/LerianStudio/lib-commons/commons/zap/injector.go:28.46,30.38 2 0
github.com/LerianStudio/lib-commons/commons/zap/injector.go:30.38,34.4 2 0
github.com/LerianStudio/lib-commons/commons/zap/injector.go:36.3,36.43 1 0
github.com/LerianStudio/lib-commons/commons/zap/injector.go:39.2,41.102 2 1
github.com/LerianStudio/lib-commons/commons/zap/injector.go:41.102,43.3 1 1
github.com/LerianStudio/lib-commons/commons/zap/injector.go:44.2,44.16 1 1
github.com/LerianStudio/lib-commons/commons/zap/injector.go:44.16,46.3 1 0
github.com/LerianStudio/lib-commons/commons/zap/injector.go:48.2,55.3 4 1
github.com/LerianStudio/lib-commons/commons/zap/zap.go:18.82,20.2 1 1
github.com/LerianStudio/lib-commons/commons/zap/zap.go:23.106,25.2 1 1
github.com/LerianStudio/lib-commons/commons/zap/zap.go:28.48,30.2 1 1
github.com/LerianStudio/lib-commons/commons/zap/zap.go:33.64,35.2 1 1
github.com/LerianStudio/lib-commons/commons/zap/zap.go:38.50,40.2 1 1
github.com/LerianStudio/lib-commons/commons/zap/zap.go:43.49,45.2 1 1
github.com/LerianStudio/lib-commons/commons/zap/zap.go:48.65,50.2 1 1
github.com/LerianStudio/lib-commons/commons/zap/zap.go:53.51,55.2 1 1
github.com/LerianStudio/lib-commons/commons/zap/zap.go:58.48,60.2 1 1
github.com/LerianStudio/lib-commons/commons/zap/zap.go:63.64,65.2 1 1
github.com/LerianStudio/lib-commons/commons/zap/zap.go:68.50,70.2 1 1
github.com/LerianStudio/lib-commons/commons/zap/zap.go:73.49,75.2 1 1
github.com/LerianStudio/lib-commons/commons/zap/zap.go:78.65,80.2 1 1
github.com/LerianStudio/lib-commons/commons/zap/zap.go:83.51,85.2 1 1
github.com/LerianStudio/lib-commons/commons/zap/zap.go:88.49,90.2 1 0
github.com/LerianStudio/lib-commons/commons/zap/zap.go:93.65,95.2 1 0
github.com/LerianStudio/lib-commons/commons/zap/zap.go:98.51,100.2 1 0
github.com/LerianStudio/lib-commons/commons/zap/zap.go:105.67,111.2 2 1
github.com/LerianStudio/lib-commons/commons/zap/zap.go:118.43,120.16 2 1
github.com/LerianStudio/lib-commons/commons/zap/zap.go:120.16,122.3 1 1
github.com/LerianStudio/lib-commons/commons/zap/zap.go:124.2,124.12 1 0
github.com/LerianStudio/lib-commons/commons/zap/zap.go:130.84,137.2 2 1
github.com/LerianStudio/lib-commons/commons/zap/zap.go:139.63,143.27 3 1
github.com/LerianStudio/lib-commons/commons/zap/zap.go:143.27,145.3 1 1
github.com/LerianStudio/lib-commons/commons/zap/zap.go:147.2,147.22 1 1
github.com/LerianStudio/lib-commons/commons/ratelimit/ratelimit.go:57.72,64.2 1 1
github.com/LerianStudio/lib-commons/commons/ratelimit/ratelimit.go:67.37,69.2 1 1
github.com/LerianStudio/lib-commons/commons/ratelimit/ratelimit.go:72.47,78.20 4 1
github.com/LerianStudio/lib-commons/commons/ratelimit/ratelimit.go:78.20,82.3 3 1
github.com/LerianStudio/lib-commons/commons/ratelimit/ratelimit.go:84.2,85.14 2 1
github.com/LerianStudio/lib-commons/commons/ratelimit/ratelimit.go:89.33,96.2 5 1
github.com/LerianStudio/lib-commons/commons/ratelimit/ratelimit.go:99.56,101.2 1 1
github.com/LerianStudio/lib-commons/commons/ratelimit/ratelimit.go:104.68,106.18 1 1
github.com/LerianStudio/lib-commons/commons/ratelimit/ratelimit.go:106.18,108.3 1 0
github.com/LerianStudio/lib-commons/commons/ratelimit/ratelimit.go:111.2,121.9 8 1
github.com/LerianStudio/lib-commons/commons/ratelimit/ratelimit.go:122.20,123.19 1 1
github.com/LerianStudio/lib-commons/commons/ratelimit/ratelimit.go:124.17,126.19 1 1
github.com/LerianStudio/lib-commons/commons/ratelimit/ratelimit.go:126.19,128.4 1 1
github.com/LerianStudio/lib-commons/commons/ratelimit/ratelimit.go:130.3,130.26 1 1
github.com/LerianStudio/lib-commons/commons/ratelimit/ratelimit.go:135.51,137.2 1 1
github.com/LerianStudio/lib-commons/commons/ratelimit/ratelimit.go:140.56,147.21 4 1
github.com/LerianStudio/lib-commons/commons/ratelimit/ratelimit.go:147.21,149.3 1 1
github.com/LerianStudio/lib-commons/commons/ratelimit/ratelimit.go:152.2,153.19 2 1
github.com/LerianStudio/lib-commons/commons/ratelimit/ratelimit.go:153.19,156.3 2 0
github.com/LerianStudio/lib-commons/commons/ratelimit/ratelimit.go:159.2,160.19 2 1
github.com/LerianStudio/lib-commons/commons/ratelimit/ratelimit.go:160.20,162.3 0 0
github.com/LerianStudio/lib-commons/commons/ratelimit/ratelimit.go:164.2,170.3 1 1
github.com/LerianStudio/lib-commons/commons/ratelimit/ratelimit.go:174.42,182.2 3 1
github.com/LerianStudio/lib-commons/commons/ratelimit/ratelimit.go:193.38,195.2 1 1
github.com/LerianStudio/lib-commons/commons/ratelimit/ratelimit.go:197.37,201.25 3 1
github.com/LerianStudio/lib-commons/commons/ratelimit/ratelimit.go:201.25,206.3 4 1
github.com/LerianStudio/lib-commons/commons/ratelimit/ratelimit.go:209.50,211.2 1 0
github.com/LerianStudio/lib-commons/commons/ratelimit/ratelimit.go:224.71,230.2 1 1
github.com/LerianStudio/lib-commons/commons/ratelimit/ratelimit.go:233.39,242.32 6 1
github.com/LerianStudio/lib-commons/commons/ratelimit/ratelimit.go:242.32,243.22 1 1
github.com/LerianStudio/lib-commons/commons/ratelimit/ratelimit.go:243.22,245.4 1 1
github.com/LerianStudio/lib-commons/commons/ratelimit/ratelimit.go:247.2,250.33 2 1
github.com/LerianStudio/lib-commons/commons/ratelimit/ratelimit.go:250.33,254.3 3 1
github.com/LerianStudio/lib-commons/commons/ratelimit/ratelimit.go:256.2,257.14 2 1
github.com/LerianStudio/lib-commons/commons/ratelimit/ratelimit.go:261.58,262.6 1 0
github.com/LerianStudio/lib-commons/commons/ratelimit/ratelimit.go:262.6,263.17 1 0
github.com/LerianStudio/lib-commons/commons/ratelimit/ratelimit.go:263.17,265.4 1 0
github.com/LerianStudio/lib-commons/commons/ratelimit/ratelimit.go:268.3,269.28 2 0
github.com/LerianStudio/lib-commons/commons/ratelimit/ratelimit.go:269.28,271.12 2 0
github.com/LerianStudio/lib-commons/commons/ratelimit/ratelimit.go:273.3,277.20 4 0
github.com/LerianStudio/lib-commons/commons/ratelimit/ratelimit.go:277.20,278.12 1 0
github.com/LerianStudio/lib-commons/commons/ratelimit/ratelimit.go:281.3,282.10 2 0
github.com/LerianStudio/lib-commons/commons/ratelimit/ratelimit.go:283.21,285.20 2 0
github.com/LerianStudio/lib-commons/commons/ratelimit/ratelimit.go:286.18,286.18 0 0
github.com/LerianStudio/lib-commons/commons/ratelimit/ratelimit.go:293.53,295.2 1 0
github.com/LerianStudio/lib-commons/commons/ratelimit/ratelimit.go:298.44,306.2 3 0
github.com/LerianStudio/lib-commons/commons/ratelimit/ratelimit.go:320.67,326.2 1 1
github.com/LerianStudio/lib-commons/commons/ratelimit/ratelimit.go:329.37,336.42 4 1
github.com/LerianStudio/lib-commons/commons/ratelimit/ratelimit.go:336.42,339.3 2 1
github.com/LerianStudio/lib-commons/commons/ratelimit/ratelimit.go:342.2,342.25 1 1
github.com/LerianStudio/lib-commons/commons/ratelimit/ratelimit.go:342.25,346.3 3 1
github.com/LerianStudio/lib-commons/commons/ratelimit/ratelimit.go:348.2,349.14 2 1
github.com/LerianStudio/lib-commons/commons/ratelimit/ratelimit.go:353.56,354.6 1 0
github.com/LerianStudio/lib-commons/commons/ratelimit/ratelimit.go:354.6,355.17 1 0
github.com/LerianStudio/lib-commons/commons/ratelimit/ratelimit.go:355.17,357.4 1 0
github.com/LerianStudio/lib-commons/commons/ratelimit/ratelimit.go:360.3,364.20 4 0
github.com/LerianStudio/lib-commons/commons/ratelimit/ratelimit.go:364.20,365.12 1 0
github.com/LerianStudio/lib-commons/commons/ratelimit/ratelimit.go:368.3,369.10 2 0
github.com/LerianStudio/lib-commons/commons/ratelimit/ratelimit.go:370.21,372.20 2 0
github.com/LerianStudio/lib-commons/commons/ratelimit/ratelimit.go:373.18,373.18 0 0
github.com/LerianStudio/lib-commons/commons/ratelimit/ratelimit.go:380.51,382.2 1 0
github.com/LerianStudio/lib-commons/commons/ratelimit/ratelimit.go:385.42,393.2 3 0
github.com/LerianStudio/lib-commons/commons/ratelimit/ratelimit.go:414.55,415.32 1 1
github.com/LerianStudio/lib-commons/commons/ratelimit/ratelimit.go:415.32,417.3 1 1
github.com/LerianStudio/lib-commons/commons/ratelimit/ratelimit.go:421.51,422.32 1 1
github.com/LerianStudio/lib-commons/commons/ratelimit/ratelimit.go:422.32,424.3 1 1
github.com/LerianStudio/lib-commons/commons/ratelimit/ratelimit.go:428.91,436.27 2 1
github.com/LerianStudio/lib-commons/commons/ratelimit/ratelimit.go:436.27,438.3 1 1
github.com/LerianStudio/lib-commons/commons/ratelimit/ratelimit.go:441.2,441.29 1 1
github.com/LerianStudio/lib-commons/commons/ratelimit/ratelimit.go:441.29,443.3 1 1
github.com/LerianStudio/lib-commons/commons/ratelimit/ratelimit.go:445.2,445.11 1 1
github.com/LerianStudio/lib-commons/commons/ratelimit/ratelimit.go:449.56,452.39 2 1
github.com/LerianStudio/lib-commons/commons/ratelimit/ratelimit.go:452.39,456.3 3 1
github.com/LerianStudio/lib-commons/commons/ratelimit/ratelimit.go:457.2,464.39 4 1
github.com/LerianStudio/lib-commons/commons/ratelimit/ratelimit.go:464.39,467.3 2 0
github.com/LerianStudio/lib-commons/commons/ratelimit/ratelimit.go:470.2,476.16 3 1
github.com/LerianStudio/lib-commons/commons/ratelimit/ratelimit.go:480.48,482.2 1 1
github.com/LerianStudio/lib-commons/commons/ratelimit/ratelimit.go:485.69,487.2 1 0
github.com/LerianStudio/lib-commons/commons/ratelimit/ratelimit.go:490.35,491.6 1 1
github.com/LerianStudio/lib-commons/commons/ratelimit/ratelimit.go:491.6,492.10 1 1
github.com/LerianStudio/lib-commons/commons/ratelimit/ratelimit.go:493.20,494.10 1 1
github.com/LerianStudio/lib-commons/commons/ratelimit/ratelimit.go:495.29,498.40 3 1
github.com/LerianStudio/lib-commons/commons/ratelimit/ratelimit.go:498.40,499.49 1 1
github.com/LerianStudio/lib-commons/commons/ratelimit/ratelimit.go:499.49,501.6 1 1
github.com/LerianStudio/lib-commons/commons/ratelimit/ratelimit.go:503.4,503.18 1 1
github.com/LerianStudio/lib-commons/commons/ratelimit/ratelimit.go:509.32,511.29 2 1
github.com/LerianStudio/lib-commons/commons/ratelimit/ratelimit.go:511.29,513.3 1 1
github.com/LerianStudio/lib-commons/commons/ratelimit/ratelimit.go:517.32,518.11 1 1
github.com/LerianStudio/lib-commons/commons/ratelimit/ratelimit.go:518.11,520.3 1 1
github.com/LerianStudio/lib-commons/commons/ratelimit/ratelimit.go:521.2,521.10 1 1
github.com/LerianStudio/lib-commons/commons/retry/retry.go:32.35,33.25 1 1
github.com/LerianStudio/lib-commons/commons/retry/retry.go:33.25,35.3 1 1
github.com/LerianStudio/lib-commons/commons/retry/retry.go:39.40,40.25 1 1
github.com/LerianStudio/lib-commons/commons/retry/retry.go:40.25,42.3 1 1
github.com/LerianStudio/lib-commons/commons/retry/retry.go:46.43,47.25 1 1
github.com/LerianStudio/lib-commons/commons/retry/retry.go:47.25,49.3 1 1
github.com/LerianStudio/lib-commons/commons/retry/retry.go:53.84,54.25 1 1
github.com/LerianStudio/lib-commons/commons/retry/retry.go:54.25,57.3 2 1
github.com/LerianStudio/lib-commons/commons/retry/retry.go:61.40,62.25 1 1
github.com/LerianStudio/lib-commons/commons/retry/retry.go:62.25,64.3 1 1
github.com/LerianStudio/lib-commons/commons/retry/retry.go:68.46,69.25 1 1
github.com/LerianStudio/lib-commons/commons/retry/retry.go:69.25,71.3 1 1
github.com/LerianStudio/lib-commons/commons/retry/retry.go:75.52,76.25 1 1
github.com/LerianStudio/lib-commons/commons/retry/retry.go:76.25,78.3 1 1
github.com/LerianStudio/lib-commons/commons/retry/retry.go:82.33,89.33 1 1
github.com/LerianStudio/lib-commons/commons/retry/retry.go:89.33,92.4 1 1
github.com/LerianStudio/lib-commons/commons/retry/retry.go:93.36,95.4 0 1
github.com/LerianStudio/lib-commons/commons/retry/retry.go:100.73,102.27 2 1
github.com/LerianStudio/lib-commons/commons/retry/retry.go:102.27,104.3 1 1
github.com/LerianStudio/lib-commons/commons/retry/retry.go:106.2,109.57 3 1
github.com/LerianStudio/lib-commons/commons/retry/retry.go:109.57,111.10 1 1
github.com/LerianStudio/lib-commons/commons/retry/retry.go:112.21,113.20 1 0
github.com/LerianStudio/lib-commons/commons/retry/retry.go:114.11,114.11 0 1
github.com/LerianStudio/lib-commons/commons/retry/retry.go:118.3,119.17 2 1
github.com/LerianStudio/lib-commons/commons/retry/retry.go:119.17,121.4 1 1
github.com/LerianStudio/lib-commons/commons/retry/retry.go:124.3,124.24 1 1
github.com/LerianStudio/lib-commons/commons/retry/retry.go:124.24,126.4 1 1
github.com/LerianStudio/lib-commons/commons/retry/retry.go:129.3,129.32 1 1
github.com/LerianStudio/lib-commons/commons/retry/retry.go:129.32,131.4 1 1
github.com/LerianStudio/lib-commons/commons/retry/retry.go:134.3,138.21 3 1
github.com/LerianStudio/lib-commons/commons/retry/retry.go:138.21,141.4 2 1
github.com/LerianStudio/lib-commons/commons/retry/retry.go:144.3,145.10 2 1
github.com/LerianStudio/lib-commons/commons/retry/retry.go:146.21,148.20 2 1
github.com/LerianStudio/lib-commons/commons/retry/retry.go:149.18,149.18 0 1
github.com/LerianStudio/lib-commons/commons/retry/retry.go:153.3,153.27 1 1
github.com/LerianStudio/lib-commons/commons/retry/retry.go:153.27,155.48 2 1
github.com/LerianStudio/lib-commons/commons/retry/retry.go:155.48,157.5 1 1
github.com/LerianStudio/lib-commons/commons/retry/retry.go:161.2,161.12 1 0
github.com/LerianStudio/lib-commons/commons/retry/retry.go:165.108,167.30 2 1
github.com/LerianStudio/lib-commons/commons/retry/retry.go:167.30,171.3 3 1
github.com/LerianStudio/lib-commons/commons/retry/retry.go:172.2,172.20 1 1
github.com/LerianStudio/lib-commons/commons/retry/retry.go:180.35,182.2 1 0
github.com/LerianStudio/lib-commons/commons/retry/retry.go:184.35,186.2 1 0
github.com/LerianStudio/lib-commons/commons/retry/retry.go:189.34,192.2 2 0
github.com/LerianStudio/lib-commons/commons/retry/retry.go:195.37,196.16 1 0
github.com/LerianStudio/lib-commons/commons/retry/retry.go:196.16,198.3 1 0
github.com/LerianStudio/lib-commons/commons/retry/retry.go:199.2,199.28 1 0
github.com/LerianStudio/lib-commons/commons/retry/retry.go:203.37,205.2 1 0
github.com/LerianStudio/lib-commons/commons/retry/retry.go:214.34,216.25 2 0
github.com/LerianStudio/lib-commons/commons/retry/retry.go:216.25,218.3 1 0
github.com/LerianStudio/lib-commons/commons/retry/retry.go:219.2,219.13 1 0
